[0.054s] DEBUG:colcon:Command line arguments: ['/usr/bin/colcon', 'build', '--packages-select', 'rm_decision_interfaces', '--cmake-target', 'install']
[0.054s] DEBUG:colcon:Parsed command line arguments: Namespace(log_base=None, log_level=None, verb_name='build', build_base='build', install_base='install', merge_install=False, symlink_install=False, test_result_base=None, continue_on_error=False, executor='parallel', parallel_workers=12, event_handlers=None, ignore_user_meta=False, metas=['./colcon.meta'], base_paths=['.'], packages_ignore=None, packages_ignore_regex=None, paths=None, packages_up_to=None, packages_up_to_regex=None, packages_above=None, packages_above_and_dependencies=None, packages_above_depth=None, packages_select_by_dep=None, packages_skip_by_dep=None, packages_skip_up_to=None, packages_select_build_failed=False, packages_skip_build_finished=False, packages_select_test_failures=False, packages_skip_test_passed=False, packages_select=['rm_decision_interfaces'], packages_skip=None, packages_select_regex=None, packages_skip_regex=None, packages_start=None, packages_end=None, allow_overriding=[], cmake_args=None, cmake_target='install', cmake_target_skip_unavailable=False, cmake_clean_cache=False, cmake_clean_first=False, cmake_force_configure=False, ament_cmake_args=None, catkin_cmake_args=None, catkin_skip_building_tests=False, verb_parser=<colcon_defaults.argument_parser.defaults.DefaultArgumentsDecorator object at 0x761784958b50>, verb_extension=<colcon_core.verb.build.BuildVerb object at 0x761784917d90>, main=<bound method BuildVerb.main of <colcon_core.verb.build.BuildVerb object at 0x761784917d90>>)
[0.140s] Level 1:colcon.colcon_core.package_discovery:discover_packages(colcon_meta) check parameters
[0.140s] Level 1:colcon.colcon_core.package_discovery:discover_packages(recursive) check parameters
[0.140s] Level 1:colcon.colcon_core.package_discovery:discover_packages(ignore) check parameters
[0.140s] Level 1:colcon.colcon_core.package_discovery:discover_packages(path) check parameters
[0.140s] Level 1:colcon.colcon_core.package_discovery:discover_packages(colcon_meta) discover
[0.140s] Level 1:colcon.colcon_core.package_discovery:discover_packages(recursive) discover
[0.140s] INFO:colcon.colcon_core.package_discovery:Crawling recursively for packages in '/home/rmsentry/DUST_Infantry_Vision/src/rm_decision_interfaces'
[0.140s] Level 1:colcon.colcon_core.package_identification:_identify(.) by extensions ['ignore', 'ignore_ament_install']
[0.140s] Level 1:colcon.colcon_core.package_identification:_identify(.) by extension 'ignore'
[0.140s] Level 1:colcon.colcon_core.package_identification:_identify(.) by extension 'ignore_ament_install'
[0.140s] Level 1:colcon.colcon_core.package_identification:_identify(.) by extensions ['colcon_pkg']
[0.140s] Level 1:colcon.colcon_core.package_identification:_identify(.) by extension 'colcon_pkg'
[0.140s] Level 1:colcon.colcon_core.package_identification:_identify(.) by extensions ['colcon_meta']
[0.140s] Level 1:colcon.colcon_core.package_identification:_identify(.) by extension 'colcon_meta'
[0.140s] Level 1:colcon.colcon_core.package_identification:_identify(.) by extensions ['ros']
[0.140s] Level 1:colcon.colcon_core.package_identification:_identify(.) by extension 'ros'
[0.147s] DEBUG:colcon.colcon_core.package_identification:Package '.' with type 'ros.ament_cmake' and name 'rm_decision_interfaces'
[0.147s] Level 1:colcon.colcon_core.package_discovery:discover_packages(recursive) using defaults
[0.147s] Level 1:colcon.colcon_core.package_discovery:discover_packages(ignore) discover
[0.147s] Level 1:colcon.colcon_core.package_discovery:discover_packages(ignore) using defaults
[0.147s] Level 1:colcon.colcon_core.package_discovery:discover_packages(path) discover
[0.147s] Level 1:colcon.colcon_core.package_discovery:discover_packages(path) using defaults
[0.162s] Level 1:colcon.colcon_core.package_discovery:discover_packages(prefix_path) check parameters
[0.162s] Level 1:colcon.colcon_core.package_discovery:discover_packages(prefix_path) discover
[0.164s] DEBUG:colcon.colcon_installed_package_information.package_discovery:Found 342 installed packages in /opt/ros/humble
[0.164s] Level 1:colcon.colcon_core.package_discovery:discover_packages(prefix_path) using defaults
[0.186s] Level 5:colcon.colcon_core.verb:set package 'rm_decision_interfaces' build argument 'cmake_args' from command line to 'None'
[0.186s] Level 5:colcon.colcon_core.verb:set package 'rm_decision_interfaces' build argument 'cmake_target' from command line to 'install'
[0.186s] Level 5:colcon.colcon_core.verb:set package 'rm_decision_interfaces' build argument 'cmake_target_skip_unavailable' from command line to 'False'
[0.186s] Level 5:colcon.colcon_core.verb:set package 'rm_decision_interfaces' build argument 'cmake_clean_cache' from command line to 'False'
[0.186s] Level 5:colcon.colcon_core.verb:set package 'rm_decision_interfaces' build argument 'cmake_clean_first' from command line to 'False'
[0.186s] Level 5:colcon.colcon_core.verb:set package 'rm_decision_interfaces' build argument 'cmake_force_configure' from command line to 'False'
[0.186s] Level 5:colcon.colcon_core.verb:set package 'rm_decision_interfaces' build argument 'ament_cmake_args' from command line to 'None'
[0.186s] Level 5:colcon.colcon_core.verb:set package 'rm_decision_interfaces' build argument 'catkin_cmake_args' from command line to 'None'
[0.186s] Level 5:colcon.colcon_core.verb:set package 'rm_decision_interfaces' build argument 'catkin_skip_building_tests' from command line to 'False'
[0.186s] DEBUG:colcon.colcon_core.verb:Building package 'rm_decision_interfaces' with the following arguments: {'ament_cmake_args': None, 'build_base': '/home/rmsentry/DUST_Infantry_Vision/src/rm_decision_interfaces/build/rm_decision_interfaces', 'catkin_cmake_args': None, 'catkin_skip_building_tests': False, 'cmake_args': None, 'cmake_clean_cache': False, 'cmake_clean_first': False, 'cmake_force_configure': False, 'cmake_target': 'install', 'cmake_target_skip_unavailable': False, 'install_base': '/home/rmsentry/DUST_Infantry_Vision/src/rm_decision_interfaces/install/rm_decision_interfaces', 'merge_install': False, 'path': '/home/rmsentry/DUST_Infantry_Vision/src/rm_decision_interfaces', 'symlink_install': False, 'test_result_base': None}
[0.186s] INFO:colcon.colcon_core.executor:Executing jobs using 'parallel' executor
[0.186s] DEBUG:colcon.colcon_parallel_executor.executor.parallel:run_until_complete
[0.187s] INFO:colcon.colcon_ros.task.ament_cmake.build:Building ROS package in '/home/rmsentry/DUST_Infantry_Vision/src/rm_decision_interfaces' with build type 'ament_cmake'
[0.187s] INFO:colcon.colcon_cmake.task.cmake.build:Building CMake package in '/home/rmsentry/DUST_Infantry_Vision/src/rm_decision_interfaces'
[0.188s] INFO:colcon.colcon_core.plugin_system:Skipping extension 'colcon_core.shell.bat': Not used on non-Windows systems
[0.188s] INFO:colcon.colcon_core.shell:Skip shell extension 'powershell' for command environment: Not usable outside of PowerShell
[0.188s] DEBUG:colcon.colcon_core.shell:Skip shell extension 'dsv' for command environment
[0.192s] DEBUG:colcon.colcon_core.event_handler.log_command:Invoking command in '/home/rmsentry/DUST_Infantry_Vision/src/rm_decision_interfaces/build/rm_decision_interfaces': CMAKE_PREFIX_PATH=/opt/ros/humble /usr/local/bin/cmake /home/rmsentry/DUST_Infantry_Vision/src/rm_decision_interfaces -DCMAKE_INSTALL_PREFIX=/home/rmsentry/DUST_Infantry_Vision/src/rm_decision_interfaces/install/rm_decision_interfaces
[1.530s] DEBUG:colcon.colcon_core.event_handler.log_command:Invoked command in '/home/rmsentry/DUST_Infantry_Vision/src/rm_decision_interfaces/build/rm_decision_interfaces' returned '0': CMAKE_PREFIX_PATH=/opt/ros/humble /usr/local/bin/cmake /home/rmsentry/DUST_Infantry_Vision/src/rm_decision_interfaces -DCMAKE_INSTALL_PREFIX=/home/rmsentry/DUST_Infantry_Vision/src/rm_decision_interfaces/install/rm_decision_interfaces
[1.531s] DEBUG:colcon.colcon_core.event_handler.log_command:Invoking command in '/home/rmsentry/DUST_Infantry_Vision/src/rm_decision_interfaces/build/rm_decision_interfaces': CMAKE_PREFIX_PATH=/opt/ros/humble /usr/local/bin/cmake --build /home/rmsentry/DUST_Infantry_Vision/src/rm_decision_interfaces/build/rm_decision_interfaces --target install -- -j12 -l12
[2.476s] Level 1:colcon.colcon_core.environment:create_environment_scripts_only(rm_decision_interfaces)
[2.477s] DEBUG:colcon.colcon_core.event_handler.log_command:Invoked command in '/home/rmsentry/DUST_Infantry_Vision/src/rm_decision_interfaces/build/rm_decision_interfaces' returned '0': CMAKE_PREFIX_PATH=/opt/ros/humble /usr/local/bin/cmake --build /home/rmsentry/DUST_Infantry_Vision/src/rm_decision_interfaces/build/rm_decision_interfaces --target install -- -j12 -l12
[2.478s] Level 1:colcon.colcon_core.environment:checking '/home/rmsentry/DUST_Infantry_Vision/src/rm_decision_interfaces/install/rm_decision_interfaces' for CMake module files
[2.478s] Level 1:colcon.colcon_core.environment:checking '/home/rmsentry/DUST_Infantry_Vision/src/rm_decision_interfaces/install/rm_decision_interfaces' for CMake config files
[2.478s] Level 1:colcon.colcon_core.shell:create_environment_hook('rm_decision_interfaces', 'cmake_prefix_path')
[2.478s] INFO:colcon.colcon_core.shell:Creating environment hook '/home/rmsentry/DUST_Infantry_Vision/src/rm_decision_interfaces/install/rm_decision_interfaces/share/rm_decision_interfaces/hook/cmake_prefix_path.ps1'
[2.479s] INFO:colcon.colcon_core.shell:Creating environment descriptor '/home/rmsentry/DUST_Infantry_Vision/src/rm_decision_interfaces/install/rm_decision_interfaces/share/rm_decision_interfaces/hook/cmake_prefix_path.dsv'
[2.479s] INFO:colcon.colcon_core.shell:Creating environment hook '/home/rmsentry/DUST_Infantry_Vision/src/rm_decision_interfaces/install/rm_decision_interfaces/share/rm_decision_interfaces/hook/cmake_prefix_path.sh'
[2.479s] Level 1:colcon.colcon_core.environment:checking '/home/rmsentry/DUST_Infantry_Vision/src/rm_decision_interfaces/install/rm_decision_interfaces/lib'
[2.479s] Level 1:colcon.colcon_core.shell:create_environment_hook('rm_decision_interfaces', 'ld_library_path_lib')
[2.480s] INFO:colcon.colcon_core.shell:Creating environment hook '/home/rmsentry/DUST_Infantry_Vision/src/rm_decision_interfaces/install/rm_decision_interfaces/share/rm_decision_interfaces/hook/ld_library_path_lib.ps1'
[2.480s] INFO:colcon.colcon_core.shell:Creating environment descriptor '/home/rmsentry/DUST_Infantry_Vision/src/rm_decision_interfaces/install/rm_decision_interfaces/share/rm_decision_interfaces/hook/ld_library_path_lib.dsv'
[2.480s] INFO:colcon.colcon_core.shell:Creating environment hook '/home/rmsentry/DUST_Infantry_Vision/src/rm_decision_interfaces/install/rm_decision_interfaces/share/rm_decision_interfaces/hook/ld_library_path_lib.sh'
[2.480s] Level 1:colcon.colcon_core.environment:checking '/home/rmsentry/DUST_Infantry_Vision/src/rm_decision_interfaces/install/rm_decision_interfaces/bin'
[2.480s] Level 1:colcon.colcon_core.environment:checking '/home/rmsentry/DUST_Infantry_Vision/src/rm_decision_interfaces/install/rm_decision_interfaces/lib/pkgconfig/rm_decision_interfaces.pc'
[2.480s] Level 1:colcon.colcon_core.environment:checking '/home/rmsentry/DUST_Infantry_Vision/src/rm_decision_interfaces/install/rm_decision_interfaces/lib/python3.10/site-packages'
[2.480s] Level 1:colcon.colcon_core.environment:checking '/home/rmsentry/DUST_Infantry_Vision/src/rm_decision_interfaces/install/rm_decision_interfaces/bin'
[2.480s] INFO:colcon.colcon_core.shell:Creating package script '/home/rmsentry/DUST_Infantry_Vision/src/rm_decision_interfaces/install/rm_decision_interfaces/share/rm_decision_interfaces/package.ps1'
[2.481s] INFO:colcon.colcon_core.shell:Creating package descriptor '/home/rmsentry/DUST_Infantry_Vision/src/rm_decision_interfaces/install/rm_decision_interfaces/share/rm_decision_interfaces/package.dsv'
[2.481s] INFO:colcon.colcon_core.shell:Creating package script '/home/rmsentry/DUST_Infantry_Vision/src/rm_decision_interfaces/install/rm_decision_interfaces/share/rm_decision_interfaces/package.sh'
[2.481s] INFO:colcon.colcon_core.shell:Creating package script '/home/rmsentry/DUST_Infantry_Vision/src/rm_decision_interfaces/install/rm_decision_interfaces/share/rm_decision_interfaces/package.bash'
[2.482s] INFO:colcon.colcon_core.shell:Creating package script '/home/rmsentry/DUST_Infantry_Vision/src/rm_decision_interfaces/install/rm_decision_interfaces/share/rm_decision_interfaces/package.zsh'
[2.482s] Level 1:colcon.colcon_core.environment:create_file_with_runtime_dependencies(/home/rmsentry/DUST_Infantry_Vision/src/rm_decision_interfaces/install/rm_decision_interfaces/share/colcon-core/packages/rm_decision_interfaces)
[2.482s] Level 1:colcon.colcon_core.environment:create_environment_scripts_only(rm_decision_interfaces)
[2.483s] Level 1:colcon.colcon_core.environment:checking '/home/rmsentry/DUST_Infantry_Vision/src/rm_decision_interfaces/install/rm_decision_interfaces' for CMake module files
[2.483s] Level 1:colcon.colcon_core.environment:checking '/home/rmsentry/DUST_Infantry_Vision/src/rm_decision_interfaces/install/rm_decision_interfaces' for CMake config files
[2.483s] Level 1:colcon.colcon_core.shell:create_environment_hook('rm_decision_interfaces', 'cmake_prefix_path')
[2.483s] INFO:colcon.colcon_core.shell:Creating environment hook '/home/rmsentry/DUST_Infantry_Vision/src/rm_decision_interfaces/install/rm_decision_interfaces/share/rm_decision_interfaces/hook/cmake_prefix_path.ps1'
[2.483s] INFO:colcon.colcon_core.shell:Creating environment descriptor '/home/rmsentry/DUST_Infantry_Vision/src/rm_decision_interfaces/install/rm_decision_interfaces/share/rm_decision_interfaces/hook/cmake_prefix_path.dsv'
[2.484s] INFO:colcon.colcon_core.shell:Creating environment hook '/home/rmsentry/DUST_Infantry_Vision/src/rm_decision_interfaces/install/rm_decision_interfaces/share/rm_decision_interfaces/hook/cmake_prefix_path.sh'
[2.484s] Level 1:colcon.colcon_core.environment:checking '/home/rmsentry/DUST_Infantry_Vision/src/rm_decision_interfaces/install/rm_decision_interfaces/lib'
[2.484s] Level 1:colcon.colcon_core.shell:create_environment_hook('rm_decision_interfaces', 'ld_library_path_lib')
[2.484s] INFO:colcon.colcon_core.shell:Creating environment hook '/home/rmsentry/DUST_Infantry_Vision/src/rm_decision_interfaces/install/rm_decision_interfaces/share/rm_decision_interfaces/hook/ld_library_path_lib.ps1'
[2.484s] INFO:colcon.colcon_core.shell:Creating environment descriptor '/home/rmsentry/DUST_Infantry_Vision/src/rm_decision_interfaces/install/rm_decision_interfaces/share/rm_decision_interfaces/hook/ld_library_path_lib.dsv'
[2.484s] INFO:colcon.colcon_core.shell:Creating environment hook '/home/rmsentry/DUST_Infantry_Vision/src/rm_decision_interfaces/install/rm_decision_interfaces/share/rm_decision_interfaces/hook/ld_library_path_lib.sh'
[2.485s] Level 1:colcon.colcon_core.environment:checking '/home/rmsentry/DUST_Infantry_Vision/src/rm_decision_interfaces/install/rm_decision_interfaces/bin'
[2.485s] Level 1:colcon.colcon_core.environment:checking '/home/rmsentry/DUST_Infantry_Vision/src/rm_decision_interfaces/install/rm_decision_interfaces/lib/pkgconfig/rm_decision_interfaces.pc'
[2.485s] Level 1:colcon.colcon_core.environment:checking '/home/rmsentry/DUST_Infantry_Vision/src/rm_decision_interfaces/install/rm_decision_interfaces/lib/python3.10/site-packages'
[2.485s] Level 1:colcon.colcon_core.environment:checking '/home/rmsentry/DUST_Infantry_Vision/src/rm_decision_interfaces/install/rm_decision_interfaces/bin'
[2.485s] INFO:colcon.colcon_core.shell:Creating package script '/home/rmsentry/DUST_Infantry_Vision/src/rm_decision_interfaces/install/rm_decision_interfaces/share/rm_decision_interfaces/package.ps1'
[2.485s] INFO:colcon.colcon_core.shell:Creating package descriptor '/home/rmsentry/DUST_Infantry_Vision/src/rm_decision_interfaces/install/rm_decision_interfaces/share/rm_decision_interfaces/package.dsv'
[2.486s] INFO:colcon.colcon_core.shell:Creating package script '/home/rmsentry/DUST_Infantry_Vision/src/rm_decision_interfaces/install/rm_decision_interfaces/share/rm_decision_interfaces/package.sh'
[2.486s] INFO:colcon.colcon_core.shell:Creating package script '/home/rmsentry/DUST_Infantry_Vision/src/rm_decision_interfaces/install/rm_decision_interfaces/share/rm_decision_interfaces/package.bash'
[2.486s] INFO:colcon.colcon_core.shell:Creating package script '/home/rmsentry/DUST_Infantry_Vision/src/rm_decision_interfaces/install/rm_decision_interfaces/share/rm_decision_interfaces/package.zsh'
[2.486s] Level 1:colcon.colcon_core.environment:create_file_with_runtime_dependencies(/home/rmsentry/DUST_Infantry_Vision/src/rm_decision_interfaces/install/rm_decision_interfaces/share/colcon-core/packages/rm_decision_interfaces)
[2.486s] DEBUG:colcon.colcon_parallel_executor.executor.parallel:closing loop
[2.486s] DEBUG:colcon.colcon_parallel_executor.executor.parallel:loop closed
[2.486s] DEBUG:colcon.colcon_parallel_executor.executor.parallel:run_until_complete finished with '0'
[2.486s] DEBUG:colcon.colcon_core.event_reactor:joining thread
[2.489s] INFO:colcon.colcon_core.plugin_system:Skipping extension 'colcon_notification.desktop_notification.terminal_notifier': Not used on non-Darwin systems
[2.489s] INFO:colcon.colcon_core.plugin_system:Skipping extension 'colcon_notification.desktop_notification.win32': Not used on non-Windows systems
[2.489s] INFO:colcon.colcon_notification.desktop_notification:Sending desktop notification using 'notify2'
[2.495s] DEBUG:colcon.colcon_core.event_reactor:joined thread
[2.495s] INFO:colcon.colcon_core.shell:Creating prefix script '/home/rmsentry/DUST_Infantry_Vision/src/rm_decision_interfaces/install/local_setup.ps1'
[2.496s] INFO:colcon.colcon_core.shell:Creating prefix util module '/home/rmsentry/DUST_Infantry_Vision/src/rm_decision_interfaces/install/_local_setup_util_ps1.py'
[2.496s] INFO:colcon.colcon_core.shell:Creating prefix chain script '/home/rmsentry/DUST_Infantry_Vision/src/rm_decision_interfaces/install/setup.ps1'
[2.497s] INFO:colcon.colcon_core.shell:Creating prefix script '/home/rmsentry/DUST_Infantry_Vision/src/rm_decision_interfaces/install/local_setup.sh'
[2.497s] INFO:colcon.colcon_core.shell:Creating prefix util module '/home/rmsentry/DUST_Infantry_Vision/src/rm_decision_interfaces/install/_local_setup_util_sh.py'
[2.497s] INFO:colcon.colcon_core.shell:Creating prefix chain script '/home/rmsentry/DUST_Infantry_Vision/src/rm_decision_interfaces/install/setup.sh'
[2.498s] INFO:colcon.colcon_core.shell:Creating prefix script '/home/rmsentry/DUST_Infantry_Vision/src/rm_decision_interfaces/install/local_setup.bash'
[2.498s] INFO:colcon.colcon_core.shell:Creating prefix chain script '/home/rmsentry/DUST_Infantry_Vision/src/rm_decision_interfaces/install/setup.bash'
[2.498s] INFO:colcon.colcon_core.shell:Creating prefix script '/home/rmsentry/DUST_Infantry_Vision/src/rm_decision_interfaces/install/local_setup.zsh'
[2.499s] INFO:colcon.colcon_core.shell:Creating prefix chain script '/home/rmsentry/DUST_Infantry_Vision/src/rm_decision_interfaces/install/setup.zsh'
