-- The C compiler identification is GNU 11.4.0
-- The CXX compiler identification is GNU 11.4.0
-- Detecting C compiler ABI info
-- Detecting C compiler ABI info - done
-- Check for working C compiler: /usr/bin/cc - skipped
-- Detecting C compile features
-- Detecting C compile features - done
-- Detecting CXX compiler ABI info
-- Detecting CXX compiler ABI info - done
-- Check for working CXX compiler: /usr/bin/c++ - skipped
-- Detecting CXX compile features
-- Detecting CXX compile features - done
-- Found ament_cmake: 1.3.12 (/opt/ros/humble/share/ament_cmake/cmake)
-- Found Python3: /usr/bin/python3 (found version "3.10.12") found components: Interpreter
-- Found rosidl_default_generators: 1.2.0 (/opt/ros/humble/share/rosidl_default_generators/cmake)
-- Using all available rosidl_typesupport_c: rosidl_typesupport_fastrtps_c;rosidl_typesupport_introspection_c
-- Found rosidl_adapter: 3.1.7 (/opt/ros/humble/share/rosidl_adapter/cmake)
-- Using all available rosidl_typesupport_cpp: rosidl_typesupport_fastrtps_cpp;rosidl_typesupport_introspection_cpp
-- Found std_msgs: 4.9.0 (/opt/ros/humble/share/std_msgs/cmake)
-- Found geometry_msgs: 4.9.0 (/opt/ros/humble/share/geometry_msgs/cmake)
-- Found ament_cmake_ros: 0.10.0 (/opt/ros/humble/share/ament_cmake_ros/cmake)
-- Using all available rosidl_typesupport_c: rosidl_typesupport_fastrtps_c;rosidl_typesupport_introspection_c
-- Using all available rosidl_typesupport_cpp: rosidl_typesupport_fastrtps_cpp;rosidl_typesupport_introspection_cpp
[33mCMake Warning (dev) at /opt/ros/humble/share/rosidl_generator_py/cmake/rosidl_generator_py_generate_interfaces.cmake:20 (find_package):
  Policy CMP0148 is not set: The FindPythonInterp and FindPythonLibs modules
  are removed.  Run "cmake --help-policy CMP0148" for policy details.  Use
  the cmake_policy command to set the policy and suppress this warning.

Call Stack (most recent call first):
  /opt/ros/humble/share/ament_cmake_core/cmake/core/ament_execute_extensions.cmake:48 (include)
  /opt/ros/humble/share/rosidl_cmake/cmake/rosidl_generate_interfaces.cmake:286 (ament_execute_extensions)
  CMakeLists.txt:14 (rosidl_generate_interfaces)
This warning is for project developers.  Use -Wno-dev to suppress it.
[0m
-- Found PythonInterp: /usr/bin/python3 (found suitable version "3.10.12", minimum required is "3.6")
-- Found python_cmake_module: 0.10.0 (/opt/ros/humble/share/python_cmake_module/cmake)
[33mCMake Warning (dev) at /opt/ros/humble/share/python_cmake_module/cmake/Modules/FindPythonExtra.cmake:52 (find_package):
  Policy CMP0148 is not set: The FindPythonInterp and FindPythonLibs modules
  are removed.  Run "cmake --help-policy CMP0148" for policy details.  Use
  the cmake_policy command to set the policy and suppress this warning.

Call Stack (most recent call first):
  /opt/ros/humble/share/rosidl_generator_py/cmake/rosidl_generator_py_generate_interfaces.cmake:23 (find_package)
  /opt/ros/humble/share/ament_cmake_core/cmake/core/ament_execute_extensions.cmake:48 (include)
  /opt/ros/humble/share/rosidl_cmake/cmake/rosidl_generate_interfaces.cmake:286 (ament_execute_extensions)
  CMakeLists.txt:14 (rosidl_generate_interfaces)
This warning is for project developers.  Use -Wno-dev to suppress it.
[0m
[33mCMake Warning (dev) at /opt/ros/humble/share/python_cmake_module/cmake/Modules/FindPythonExtra.cmake:140 (find_package):
  Policy CMP0148 is not set: The FindPythonInterp and FindPythonLibs modules
  are removed.  Run "cmake --help-policy CMP0148" for policy details.  Use
  the cmake_policy command to set the policy and suppress this warning.

Call Stack (most recent call first):
  /opt/ros/humble/share/rosidl_generator_py/cmake/rosidl_generator_py_generate_interfaces.cmake:23 (find_package)
  /opt/ros/humble/share/ament_cmake_core/cmake/core/ament_execute_extensions.cmake:48 (include)
  /opt/ros/humble/share/rosidl_cmake/cmake/rosidl_generate_interfaces.cmake:286 (ament_execute_extensions)
  CMakeLists.txt:14 (rosidl_generate_interfaces)
This warning is for project developers.  Use -Wno-dev to suppress it.
[0m
-- Found PythonLibs: /usr/lib/x86_64-linux-gnu/libpython3.10.so (found suitable version "3.10.12", minimum required is "3.5")
-- Using PYTHON_EXECUTABLE: /usr/bin/python3
-- Using PYTHON_INCLUDE_DIRS: /usr/include/python3.10
-- Using PYTHON_LIBRARIES: /usr/lib/x86_64-linux-gnu/libpython3.10.so
-- Found PythonExtra: .so
-- Configuring done (1.4s)
-- Generating done (0.0s)
-- Build files have been written to: /home/rmsentry/DUST_Infantry_Vision/src/sp_msgs/build/sp_msgs
[  2%] [34m[1mGenerating C code for ROS interfaces[0m
[  5%] [34m[1mGenerating C++ code for ROS interfaces[0m
[  5%] Built target ament_cmake_python_copy_sp_msgs
running egg_info
creating sp_msgs.egg-info
writing sp_msgs.egg-info/PKG-INFO
writing dependency_links to sp_msgs.egg-info/dependency_links.txt
writing top-level names to sp_msgs.egg-info/top_level.txt
writing manifest file 'sp_msgs.egg-info/SOURCES.txt'
reading manifest file 'sp_msgs.egg-info/SOURCES.txt'
writing manifest file 'sp_msgs.egg-info/SOURCES.txt'
[  5%] Built target ament_cmake_python_build_sp_msgs_egg
[  5%] Built target sp_msgs__cpp
[  7%] [32mBuilding C object CMakeFiles/sp_msgs__rosidl_generator_c.dir/rosidl_generator_c/sp_msgs/msg/detail/enemy_status_msg__functions.c.o[0m
[ 10%] [32mBuilding C object CMakeFiles/sp_msgs__rosidl_generator_c.dir/rosidl_generator_c/sp_msgs/msg/detail/autoaim_target_msg__functions.c.o[0m
[ 12%] [34m[1mGenerating C++ type support dispatch for ROS interfaces[0m
[ 15%] [34m[1mGenerating C++ type support for eProsima Fast-RTPS[0m
[ 17%] [34m[1mGenerating C++ introspection for ROS interfaces[0m
[ 20%] [32m[1mLinking C shared library libsp_msgs__rosidl_generator_c.so[0m
[ 20%] Built target sp_msgs__rosidl_generator_c
[ 23%] [34m[1mGenerating C type support for eProsima Fast-RTPS[0m
[ 25%] [34m[1mGenerating C type support dispatch for ROS interfaces[0m
[ 28%] [34m[1mGenerating C introspection for ROS interfaces[0m
[ 30%] [32mBuilding CXX object CMakeFiles/sp_msgs__rosidl_typesupport_cpp.dir/rosidl_typesupport_cpp/sp_msgs/msg/enemy_status_msg__type_support.cpp.o[0m
[ 33%] [32mBuilding CXX object CMakeFiles/sp_msgs__rosidl_typesupport_cpp.dir/rosidl_typesupport_cpp/sp_msgs/msg/autoaim_target_msg__type_support.cpp.o[0m
[ 35%] [32mBuilding CXX object CMakeFiles/sp_msgs__rosidl_typesupport_fastrtps_cpp.dir/rosidl_typesupport_fastrtps_cpp/sp_msgs/msg/detail/dds_fastrtps/enemy_status_msg__type_support.cpp.o[0m
[ 38%] [32mBuilding CXX object CMakeFiles/sp_msgs__rosidl_typesupport_fastrtps_cpp.dir/rosidl_typesupport_fastrtps_cpp/sp_msgs/msg/detail/dds_fastrtps/autoaim_target_msg__type_support.cpp.o[0m
[ 41%] [32mBuilding CXX object CMakeFiles/sp_msgs__rosidl_typesupport_introspection_cpp.dir/rosidl_typesupport_introspection_cpp/sp_msgs/msg/detail/enemy_status_msg__type_support.cpp.o[0m
[ 43%] [32mBuilding CXX object CMakeFiles/sp_msgs__rosidl_typesupport_introspection_cpp.dir/rosidl_typesupport_introspection_cpp/sp_msgs/msg/detail/autoaim_target_msg__type_support.cpp.o[0m
[ 48%] [32mBuilding CXX object CMakeFiles/sp_msgs__rosidl_typesupport_c.dir/rosidl_typesupport_c/sp_msgs/msg/autoaim_target_msg__type_support.cpp.o[0m
[ 48%] [32mBuilding CXX object CMakeFiles/sp_msgs__rosidl_typesupport_c.dir/rosidl_typesupport_c/sp_msgs/msg/enemy_status_msg__type_support.cpp.o[0m
[ 51%] [32m[1mLinking CXX shared library libsp_msgs__rosidl_typesupport_c.so[0m
[ 53%] [32mBuilding CXX object CMakeFiles/sp_msgs__rosidl_typesupport_fastrtps_c.dir/rosidl_typesupport_fastrtps_c/sp_msgs/msg/detail/enemy_status_msg__type_support_c.cpp.o[0m
[ 56%] [32mBuilding CXX object CMakeFiles/sp_msgs__rosidl_typesupport_fastrtps_c.dir/rosidl_typesupport_fastrtps_c/sp_msgs/msg/detail/autoaim_target_msg__type_support_c.cpp.o[0m
[ 56%] Built target sp_msgs__rosidl_typesupport_c
[ 61%] [32mBuilding C object CMakeFiles/sp_msgs__rosidl_typesupport_introspection_c.dir/rosidl_typesupport_introspection_c/sp_msgs/msg/detail/enemy_status_msg__type_support.c.o[0m
[ 61%] [32mBuilding C object CMakeFiles/sp_msgs__rosidl_typesupport_introspection_c.dir/rosidl_typesupport_introspection_c/sp_msgs/msg/detail/autoaim_target_msg__type_support.c.o[0m
[ 64%] [32m[1mLinking CXX shared library libsp_msgs__rosidl_typesupport_cpp.so[0m
[ 66%] [32m[1mLinking C shared library libsp_msgs__rosidl_typesupport_introspection_c.so[0m
[ 66%] Built target sp_msgs__rosidl_typesupport_introspection_c
[ 66%] Built target sp_msgs__rosidl_typesupport_cpp
[ 69%] [32m[1mLinking CXX shared library libsp_msgs__rosidl_typesupport_introspection_cpp.so[0m
[ 71%] [32m[1mLinking CXX shared library libsp_msgs__rosidl_typesupport_fastrtps_c.so[0m
[ 74%] [32m[1mLinking CXX shared library libsp_msgs__rosidl_typesupport_fastrtps_cpp.so[0m
[ 74%] Built target sp_msgs__rosidl_typesupport_introspection_cpp
[ 74%] Built target sp_msgs__rosidl_typesupport_fastrtps_c
[ 74%] Built target sp_msgs__rosidl_typesupport_fastrtps_cpp
[ 74%] Built target sp_msgs
[ 76%] [34m[1mGenerating Python code for ROS interfaces[0m
[ 76%] Built target sp_msgs__py
[ 79%] [32mBuilding C object CMakeFiles/sp_msgs__rosidl_generator_py.dir/rosidl_generator_py/sp_msgs/msg/_enemy_status_msg_s.c.o[0m
[ 82%] [32mBuilding C object CMakeFiles/sp_msgs__rosidl_generator_py.dir/rosidl_generator_py/sp_msgs/msg/_autoaim_target_msg_s.c.o[0m
[ 84%] [32m[1mLinking C shared library rosidl_generator_py/sp_msgs/libsp_msgs__rosidl_generator_py.so[0m
[ 84%] Built target sp_msgs__rosidl_generator_py
[ 89%] [32mBuilding C object CMakeFiles/sp_msgs__rosidl_typesupport_introspection_c__pyext.dir/rosidl_generator_py/sp_msgs/_sp_msgs_s.ep.rosidl_typesupport_introspection_c.c.o[0m
[ 89%] [32mBuilding C object CMakeFiles/sp_msgs__rosidl_typesupport_fastrtps_c__pyext.dir/rosidl_generator_py/sp_msgs/_sp_msgs_s.ep.rosidl_typesupport_fastrtps_c.c.o[0m
[ 92%] [32mBuilding C object CMakeFiles/sp_msgs__rosidl_typesupport_c__pyext.dir/rosidl_generator_py/sp_msgs/_sp_msgs_s.ep.rosidl_typesupport_c.c.o[0m
[100%] [32m[1mLinking C shared library rosidl_generator_py/sp_msgs/sp_msgs_s__rosidl_typesupport_fastrtps_c.cpython-310-x86_64-linux-gnu.so[0m
[100%] [32m[1mLinking C shared library rosidl_generator_py/sp_msgs/sp_msgs_s__rosidl_typesupport_introspection_c.cpython-310-x86_64-linux-gnu.so[0m
[100%] [32m[1mLinking C shared library rosidl_generator_py/sp_msgs/sp_msgs_s__rosidl_typesupport_c.cpython-310-x86_64-linux-gnu.so[0m
[100%] Built target sp_msgs__rosidl_typesupport_introspection_c__pyext
[100%] Built target sp_msgs__rosidl_typesupport_c__pyext
[100%] Built target sp_msgs__rosidl_typesupport_fastrtps_c__pyext
[36mInstall the project...[0m
-- Install configuration: ""
-- Installing: /home/rmsentry/DUST_Infantry_Vision/src/sp_msgs/install/sp_msgs/share/ament_index/resource_index/rosidl_interfaces/sp_msgs
-- Installing: /home/rmsentry/DUST_Infantry_Vision/src/sp_msgs/install/sp_msgs/include/sp_msgs/sp_msgs
-- Installing: /home/rmsentry/DUST_Infantry_Vision/src/sp_msgs/install/sp_msgs/include/sp_msgs/sp_msgs/msg
-- Installing: /home/rmsentry/DUST_Infantry_Vision/src/sp_msgs/install/sp_msgs/include/sp_msgs/sp_msgs/msg/rosidl_generator_c__visibility_control.h
-- Installing: /home/rmsentry/DUST_Infantry_Vision/src/sp_msgs/install/sp_msgs/include/sp_msgs/sp_msgs/msg/enemy_status_msg.h
-- Installing: /home/rmsentry/DUST_Infantry_Vision/src/sp_msgs/install/sp_msgs/include/sp_msgs/sp_msgs/msg/detail
-- Installing: /home/rmsentry/DUST_Infantry_Vision/src/sp_msgs/install/sp_msgs/include/sp_msgs/sp_msgs/msg/detail/autoaim_target_msg__struct.h
-- Installing: /home/rmsentry/DUST_Infantry_Vision/src/sp_msgs/install/sp_msgs/include/sp_msgs/sp_msgs/msg/detail/autoaim_target_msg__functions.h
-- Installing: /home/rmsentry/DUST_Infantry_Vision/src/sp_msgs/install/sp_msgs/include/sp_msgs/sp_msgs/msg/detail/enemy_status_msg__struct.h
-- Installing: /home/rmsentry/DUST_Infantry_Vision/src/sp_msgs/install/sp_msgs/include/sp_msgs/sp_msgs/msg/detail/enemy_status_msg__type_support.h
-- Installing: /home/rmsentry/DUST_Infantry_Vision/src/sp_msgs/install/sp_msgs/include/sp_msgs/sp_msgs/msg/detail/autoaim_target_msg__type_support.h
-- Installing: /home/rmsentry/DUST_Infantry_Vision/src/sp_msgs/install/sp_msgs/include/sp_msgs/sp_msgs/msg/detail/enemy_status_msg__functions.c
-- Installing: /home/rmsentry/DUST_Infantry_Vision/src/sp_msgs/install/sp_msgs/include/sp_msgs/sp_msgs/msg/detail/autoaim_target_msg__functions.c
-- Installing: /home/rmsentry/DUST_Infantry_Vision/src/sp_msgs/install/sp_msgs/include/sp_msgs/sp_msgs/msg/detail/enemy_status_msg__functions.h
-- Installing: /home/rmsentry/DUST_Infantry_Vision/src/sp_msgs/install/sp_msgs/include/sp_msgs/sp_msgs/msg/autoaim_target_msg.h
-- Installing: /home/rmsentry/DUST_Infantry_Vision/src/sp_msgs/install/sp_msgs/share/sp_msgs/environment/library_path.sh
-- Installing: /home/rmsentry/DUST_Infantry_Vision/src/sp_msgs/install/sp_msgs/share/sp_msgs/environment/library_path.dsv
-- Installing: /home/rmsentry/DUST_Infantry_Vision/src/sp_msgs/install/sp_msgs/lib/libsp_msgs__rosidl_generator_c.so
-- Set non-toolchain portion of runtime path of "/home/rmsentry/DUST_Infantry_Vision/src/sp_msgs/install/sp_msgs/lib/libsp_msgs__rosidl_generator_c.so" to ""
-- Up-to-date: /home/rmsentry/DUST_Infantry_Vision/src/sp_msgs/install/sp_msgs/include/sp_msgs/sp_msgs
-- Up-to-date: /home/rmsentry/DUST_Infantry_Vision/src/sp_msgs/install/sp_msgs/include/sp_msgs/sp_msgs/msg
-- Installing: /home/rmsentry/DUST_Infantry_Vision/src/sp_msgs/install/sp_msgs/include/sp_msgs/sp_msgs/msg/rosidl_typesupport_fastrtps_c__visibility_control.h
-- Up-to-date: /home/rmsentry/DUST_Infantry_Vision/src/sp_msgs/install/sp_msgs/include/sp_msgs/sp_msgs/msg/detail
-- Installing: /home/rmsentry/DUST_Infantry_Vision/src/sp_msgs/install/sp_msgs/include/sp_msgs/sp_msgs/msg/detail/enemy_status_msg__rosidl_typesupport_fastrtps_c.h
-- Installing: /home/rmsentry/DUST_Infantry_Vision/src/sp_msgs/install/sp_msgs/include/sp_msgs/sp_msgs/msg/detail/autoaim_target_msg__rosidl_typesupport_fastrtps_c.h
-- Installing: /home/rmsentry/DUST_Infantry_Vision/src/sp_msgs/install/sp_msgs/lib/libsp_msgs__rosidl_typesupport_fastrtps_c.so
-- Set non-toolchain portion of runtime path of "/home/rmsentry/DUST_Infantry_Vision/src/sp_msgs/install/sp_msgs/lib/libsp_msgs__rosidl_typesupport_fastrtps_c.so" to ""
-- Up-to-date: /home/rmsentry/DUST_Infantry_Vision/src/sp_msgs/install/sp_msgs/include/sp_msgs/sp_msgs
-- Up-to-date: /home/rmsentry/DUST_Infantry_Vision/src/sp_msgs/install/sp_msgs/include/sp_msgs/sp_msgs/msg
-- Installing: /home/rmsentry/DUST_Infantry_Vision/src/sp_msgs/install/sp_msgs/include/sp_msgs/sp_msgs/msg/rosidl_typesupport_introspection_c__visibility_control.h
-- Up-to-date: /home/rmsentry/DUST_Infantry_Vision/src/sp_msgs/install/sp_msgs/include/sp_msgs/sp_msgs/msg/detail
-- Installing: /home/rmsentry/DUST_Infantry_Vision/src/sp_msgs/install/sp_msgs/include/sp_msgs/sp_msgs/msg/detail/enemy_status_msg__rosidl_typesupport_introspection_c.h
-- Installing: /home/rmsentry/DUST_Infantry_Vision/src/sp_msgs/install/sp_msgs/include/sp_msgs/sp_msgs/msg/detail/autoaim_target_msg__type_support.c
-- Installing: /home/rmsentry/DUST_Infantry_Vision/src/sp_msgs/install/sp_msgs/include/sp_msgs/sp_msgs/msg/detail/enemy_status_msg__type_support.c
-- Installing: /home/rmsentry/DUST_Infantry_Vision/src/sp_msgs/install/sp_msgs/include/sp_msgs/sp_msgs/msg/detail/autoaim_target_msg__rosidl_typesupport_introspection_c.h
-- Installing: /home/rmsentry/DUST_Infantry_Vision/src/sp_msgs/install/sp_msgs/lib/libsp_msgs__rosidl_typesupport_introspection_c.so
-- Set non-toolchain portion of runtime path of "/home/rmsentry/DUST_Infantry_Vision/src/sp_msgs/install/sp_msgs/lib/libsp_msgs__rosidl_typesupport_introspection_c.so" to ""
-- Installing: /home/rmsentry/DUST_Infantry_Vision/src/sp_msgs/install/sp_msgs/lib/libsp_msgs__rosidl_typesupport_c.so
-- Set non-toolchain portion of runtime path of "/home/rmsentry/DUST_Infantry_Vision/src/sp_msgs/install/sp_msgs/lib/libsp_msgs__rosidl_typesupport_c.so" to ""
-- Up-to-date: /home/rmsentry/DUST_Infantry_Vision/src/sp_msgs/install/sp_msgs/include/sp_msgs/sp_msgs
-- Up-to-date: /home/rmsentry/DUST_Infantry_Vision/src/sp_msgs/install/sp_msgs/include/sp_msgs/sp_msgs/msg
-- Installing: /home/rmsentry/DUST_Infantry_Vision/src/sp_msgs/install/sp_msgs/include/sp_msgs/sp_msgs/msg/enemy_status_msg.hpp
-- Up-to-date: /home/rmsentry/DUST_Infantry_Vision/src/sp_msgs/install/sp_msgs/include/sp_msgs/sp_msgs/msg/detail
-- Installing: /home/rmsentry/DUST_Infantry_Vision/src/sp_msgs/install/sp_msgs/include/sp_msgs/sp_msgs/msg/detail/autoaim_target_msg__struct.hpp
-- Installing: /home/rmsentry/DUST_Infantry_Vision/src/sp_msgs/install/sp_msgs/include/sp_msgs/sp_msgs/msg/detail/enemy_status_msg__traits.hpp
-- Installing: /home/rmsentry/DUST_Infantry_Vision/src/sp_msgs/install/sp_msgs/include/sp_msgs/sp_msgs/msg/detail/autoaim_target_msg__traits.hpp
-- Installing: /home/rmsentry/DUST_Infantry_Vision/src/sp_msgs/install/sp_msgs/include/sp_msgs/sp_msgs/msg/detail/autoaim_target_msg__builder.hpp
-- Installing: /home/rmsentry/DUST_Infantry_Vision/src/sp_msgs/install/sp_msgs/include/sp_msgs/sp_msgs/msg/detail/enemy_status_msg__type_support.hpp
-- Installing: /home/rmsentry/DUST_Infantry_Vision/src/sp_msgs/install/sp_msgs/include/sp_msgs/sp_msgs/msg/detail/autoaim_target_msg__type_support.hpp
-- Installing: /home/rmsentry/DUST_Infantry_Vision/src/sp_msgs/install/sp_msgs/include/sp_msgs/sp_msgs/msg/detail/enemy_status_msg__struct.hpp
-- Installing: /home/rmsentry/DUST_Infantry_Vision/src/sp_msgs/install/sp_msgs/include/sp_msgs/sp_msgs/msg/detail/enemy_status_msg__builder.hpp
-- Installing: /home/rmsentry/DUST_Infantry_Vision/src/sp_msgs/install/sp_msgs/include/sp_msgs/sp_msgs/msg/autoaim_target_msg.hpp
-- Installing: /home/rmsentry/DUST_Infantry_Vision/src/sp_msgs/install/sp_msgs/include/sp_msgs/sp_msgs/msg/rosidl_generator_cpp__visibility_control.hpp
-- Up-to-date: /home/rmsentry/DUST_Infantry_Vision/src/sp_msgs/install/sp_msgs/include/sp_msgs/sp_msgs
-- Up-to-date: /home/rmsentry/DUST_Infantry_Vision/src/sp_msgs/install/sp_msgs/include/sp_msgs/sp_msgs/msg
-- Installing: /home/rmsentry/DUST_Infantry_Vision/src/sp_msgs/install/sp_msgs/include/sp_msgs/sp_msgs/msg/rosidl_typesupport_fastrtps_cpp__visibility_control.h
-- Up-to-date: /home/rmsentry/DUST_Infantry_Vision/src/sp_msgs/install/sp_msgs/include/sp_msgs/sp_msgs/msg/detail
-- Installing: /home/rmsentry/DUST_Infantry_Vision/src/sp_msgs/install/sp_msgs/include/sp_msgs/sp_msgs/msg/detail/enemy_status_msg__rosidl_typesupport_fastrtps_cpp.hpp
-- Installing: /home/rmsentry/DUST_Infantry_Vision/src/sp_msgs/install/sp_msgs/include/sp_msgs/sp_msgs/msg/detail/dds_fastrtps
-- Installing: /home/rmsentry/DUST_Infantry_Vision/src/sp_msgs/install/sp_msgs/include/sp_msgs/sp_msgs/msg/detail/autoaim_target_msg__rosidl_typesupport_fastrtps_cpp.hpp
-- Installing: /home/rmsentry/DUST_Infantry_Vision/src/sp_msgs/install/sp_msgs/lib/libsp_msgs__rosidl_typesupport_fastrtps_cpp.so
-- Set non-toolchain portion of runtime path of "/home/rmsentry/DUST_Infantry_Vision/src/sp_msgs/install/sp_msgs/lib/libsp_msgs__rosidl_typesupport_fastrtps_cpp.so" to ""
-- Up-to-date: /home/rmsentry/DUST_Infantry_Vision/src/sp_msgs/install/sp_msgs/include/sp_msgs/sp_msgs
-- Up-to-date: /home/rmsentry/DUST_Infantry_Vision/src/sp_msgs/install/sp_msgs/include/sp_msgs/sp_msgs/msg
-- Up-to-date: /home/rmsentry/DUST_Infantry_Vision/src/sp_msgs/install/sp_msgs/include/sp_msgs/sp_msgs/msg/detail
-- Installing: /home/rmsentry/DUST_Infantry_Vision/src/sp_msgs/install/sp_msgs/include/sp_msgs/sp_msgs/msg/detail/autoaim_target_msg__type_support.cpp
-- Installing: /home/rmsentry/DUST_Infantry_Vision/src/sp_msgs/install/sp_msgs/include/sp_msgs/sp_msgs/msg/detail/enemy_status_msg__type_support.cpp
-- Installing: /home/rmsentry/DUST_Infantry_Vision/src/sp_msgs/install/sp_msgs/include/sp_msgs/sp_msgs/msg/detail/autoaim_target_msg__rosidl_typesupport_introspection_cpp.hpp
-- Installing: /home/rmsentry/DUST_Infantry_Vision/src/sp_msgs/install/sp_msgs/include/sp_msgs/sp_msgs/msg/detail/enemy_status_msg__rosidl_typesupport_introspection_cpp.hpp
-- Installing: /home/rmsentry/DUST_Infantry_Vision/src/sp_msgs/install/sp_msgs/lib/libsp_msgs__rosidl_typesupport_introspection_cpp.so
-- Set non-toolchain portion of runtime path of "/home/rmsentry/DUST_Infantry_Vision/src/sp_msgs/install/sp_msgs/lib/libsp_msgs__rosidl_typesupport_introspection_cpp.so" to ""
-- Installing: /home/rmsentry/DUST_Infantry_Vision/src/sp_msgs/install/sp_msgs/lib/libsp_msgs__rosidl_typesupport_cpp.so
-- Set non-toolchain portion of runtime path of "/home/rmsentry/DUST_Infantry_Vision/src/sp_msgs/install/sp_msgs/lib/libsp_msgs__rosidl_typesupport_cpp.so" to ""
-- Installing: /home/rmsentry/DUST_Infantry_Vision/src/sp_msgs/install/sp_msgs/share/sp_msgs/environment/pythonpath.sh
-- Installing: /home/rmsentry/DUST_Infantry_Vision/src/sp_msgs/install/sp_msgs/share/sp_msgs/environment/pythonpath.dsv
-- Installing: /home/rmsentry/DUST_Infantry_Vision/src/sp_msgs/install/sp_msgs/local/lib/python3.10/dist-packages/sp_msgs-0.0.0-py3.10.egg-info
-- Installing: /home/rmsentry/DUST_Infantry_Vision/src/sp_msgs/install/sp_msgs/local/lib/python3.10/dist-packages/sp_msgs-0.0.0-py3.10.egg-info/dependency_links.txt
-- Installing: /home/rmsentry/DUST_Infantry_Vision/src/sp_msgs/install/sp_msgs/local/lib/python3.10/dist-packages/sp_msgs-0.0.0-py3.10.egg-info/SOURCES.txt
-- Installing: /home/rmsentry/DUST_Infantry_Vision/src/sp_msgs/install/sp_msgs/local/lib/python3.10/dist-packages/sp_msgs-0.0.0-py3.10.egg-info/PKG-INFO
-- Installing: /home/rmsentry/DUST_Infantry_Vision/src/sp_msgs/install/sp_msgs/local/lib/python3.10/dist-packages/sp_msgs-0.0.0-py3.10.egg-info/top_level.txt
-- Installing: /home/rmsentry/DUST_Infantry_Vision/src/sp_msgs/install/sp_msgs/local/lib/python3.10/dist-packages/sp_msgs
-- Installing: /home/rmsentry/DUST_Infantry_Vision/src/sp_msgs/install/sp_msgs/local/lib/python3.10/dist-packages/sp_msgs/msg
-- Installing: /home/rmsentry/DUST_Infantry_Vision/src/sp_msgs/install/sp_msgs/local/lib/python3.10/dist-packages/sp_msgs/msg/_enemy_status_msg_s.c
-- Installing: /home/rmsentry/DUST_Infantry_Vision/src/sp_msgs/install/sp_msgs/local/lib/python3.10/dist-packages/sp_msgs/msg/_enemy_status_msg.py
-- Installing: /home/rmsentry/DUST_Infantry_Vision/src/sp_msgs/install/sp_msgs/local/lib/python3.10/dist-packages/sp_msgs/msg/_autoaim_target_msg_s.c
-- Installing: /home/rmsentry/DUST_Infantry_Vision/src/sp_msgs/install/sp_msgs/local/lib/python3.10/dist-packages/sp_msgs/msg/__init__.py
-- Installing: /home/rmsentry/DUST_Infantry_Vision/src/sp_msgs/install/sp_msgs/local/lib/python3.10/dist-packages/sp_msgs/msg/_autoaim_target_msg.py
-- Installing: /home/rmsentry/DUST_Infantry_Vision/src/sp_msgs/install/sp_msgs/local/lib/python3.10/dist-packages/sp_msgs/libsp_msgs__rosidl_generator_py.so
-- Installing: /home/rmsentry/DUST_Infantry_Vision/src/sp_msgs/install/sp_msgs/local/lib/python3.10/dist-packages/sp_msgs/_sp_msgs_s.ep.rosidl_typesupport_introspection_c.c
-- Installing: /home/rmsentry/DUST_Infantry_Vision/src/sp_msgs/install/sp_msgs/local/lib/python3.10/dist-packages/sp_msgs/__init__.py
-- Installing: /home/rmsentry/DUST_Infantry_Vision/src/sp_msgs/install/sp_msgs/local/lib/python3.10/dist-packages/sp_msgs/sp_msgs_s__rosidl_typesupport_c.cpython-310-x86_64-linux-gnu.so
-- Installing: /home/rmsentry/DUST_Infantry_Vision/src/sp_msgs/install/sp_msgs/local/lib/python3.10/dist-packages/sp_msgs/sp_msgs_s__rosidl_typesupport_fastrtps_c.cpython-310-x86_64-linux-gnu.so
-- Installing: /home/rmsentry/DUST_Infantry_Vision/src/sp_msgs/install/sp_msgs/local/lib/python3.10/dist-packages/sp_msgs/sp_msgs_s__rosidl_typesupport_introspection_c.cpython-310-x86_64-linux-gnu.so
-- Installing: /home/rmsentry/DUST_Infantry_Vision/src/sp_msgs/install/sp_msgs/local/lib/python3.10/dist-packages/sp_msgs/_sp_msgs_s.ep.rosidl_typesupport_c.c
-- Installing: /home/rmsentry/DUST_Infantry_Vision/src/sp_msgs/install/sp_msgs/local/lib/python3.10/dist-packages/sp_msgs/_sp_msgs_s.ep.rosidl_typesupport_fastrtps_c.c
Listing '/home/rmsentry/DUST_Infantry_Vision/src/sp_msgs/install/sp_msgs/local/lib/python3.10/dist-packages/sp_msgs'...
Compiling '/home/rmsentry/DUST_Infantry_Vision/src/sp_msgs/install/sp_msgs/local/lib/python3.10/dist-packages/sp_msgs/__init__.py'...
Listing '/home/rmsentry/DUST_Infantry_Vision/src/sp_msgs/install/sp_msgs/local/lib/python3.10/dist-packages/sp_msgs/msg'...
Compiling '/home/rmsentry/DUST_Infantry_Vision/src/sp_msgs/install/sp_msgs/local/lib/python3.10/dist-packages/sp_msgs/msg/__init__.py'...
Compiling '/home/rmsentry/DUST_Infantry_Vision/src/sp_msgs/install/sp_msgs/local/lib/python3.10/dist-packages/sp_msgs/msg/_autoaim_target_msg.py'...
Compiling '/home/rmsentry/DUST_Infantry_Vision/src/sp_msgs/install/sp_msgs/local/lib/python3.10/dist-packages/sp_msgs/msg/_enemy_status_msg.py'...
-- Installing: /home/rmsentry/DUST_Infantry_Vision/src/sp_msgs/install/sp_msgs/local/lib/python3.10/dist-packages/sp_msgs/sp_msgs_s__rosidl_typesupport_fastrtps_c.cpython-310-x86_64-linux-gnu.so
-- Set non-toolchain portion of runtime path of "/home/rmsentry/DUST_Infantry_Vision/src/sp_msgs/install/sp_msgs/local/lib/python3.10/dist-packages/sp_msgs/sp_msgs_s__rosidl_typesupport_fastrtps_c.cpython-310-x86_64-linux-gnu.so" to ""
-- Installing: /home/rmsentry/DUST_Infantry_Vision/src/sp_msgs/install/sp_msgs/local/lib/python3.10/dist-packages/sp_msgs/sp_msgs_s__rosidl_typesupport_introspection_c.cpython-310-x86_64-linux-gnu.so
-- Set non-toolchain portion of runtime path of "/home/rmsentry/DUST_Infantry_Vision/src/sp_msgs/install/sp_msgs/local/lib/python3.10/dist-packages/sp_msgs/sp_msgs_s__rosidl_typesupport_introspection_c.cpython-310-x86_64-linux-gnu.so" to ""
-- Installing: /home/rmsentry/DUST_Infantry_Vision/src/sp_msgs/install/sp_msgs/local/lib/python3.10/dist-packages/sp_msgs/sp_msgs_s__rosidl_typesupport_c.cpython-310-x86_64-linux-gnu.so
-- Set non-toolchain portion of runtime path of "/home/rmsentry/DUST_Infantry_Vision/src/sp_msgs/install/sp_msgs/local/lib/python3.10/dist-packages/sp_msgs/sp_msgs_s__rosidl_typesupport_c.cpython-310-x86_64-linux-gnu.so" to ""
-- Installing: /home/rmsentry/DUST_Infantry_Vision/src/sp_msgs/install/sp_msgs/lib/libsp_msgs__rosidl_generator_py.so
-- Set non-toolchain portion of runtime path of "/home/rmsentry/DUST_Infantry_Vision/src/sp_msgs/install/sp_msgs/lib/libsp_msgs__rosidl_generator_py.so" to ""
-- Installing: /home/rmsentry/DUST_Infantry_Vision/src/sp_msgs/install/sp_msgs/share/sp_msgs/msg/EnemyStatusMsg.idl
-- Installing: /home/rmsentry/DUST_Infantry_Vision/src/sp_msgs/install/sp_msgs/share/sp_msgs/msg/AutoaimTargetMsg.idl
-- Installing: /home/rmsentry/DUST_Infantry_Vision/src/sp_msgs/install/sp_msgs/share/sp_msgs/msg/EnemyStatusMsg.msg
-- Installing: /home/rmsentry/DUST_Infantry_Vision/src/sp_msgs/install/sp_msgs/share/sp_msgs/msg/AutoaimTargetMsg.msg
-- Installing: /home/rmsentry/DUST_Infantry_Vision/src/sp_msgs/install/sp_msgs/share/ament_index/resource_index/package_run_dependencies/sp_msgs
-- Installing: /home/rmsentry/DUST_Infantry_Vision/src/sp_msgs/install/sp_msgs/share/ament_index/resource_index/parent_prefix_path/sp_msgs
-- Installing: /home/rmsentry/DUST_Infantry_Vision/src/sp_msgs/install/sp_msgs/share/sp_msgs/environment/ament_prefix_path.sh
-- Installing: /home/rmsentry/DUST_Infantry_Vision/src/sp_msgs/install/sp_msgs/share/sp_msgs/environment/ament_prefix_path.dsv
-- Installing: /home/rmsentry/DUST_Infantry_Vision/src/sp_msgs/install/sp_msgs/share/sp_msgs/environment/path.sh
-- Installing: /home/rmsentry/DUST_Infantry_Vision/src/sp_msgs/install/sp_msgs/share/sp_msgs/environment/path.dsv
-- Installing: /home/rmsentry/DUST_Infantry_Vision/src/sp_msgs/install/sp_msgs/share/sp_msgs/local_setup.bash
-- Installing: /home/rmsentry/DUST_Infantry_Vision/src/sp_msgs/install/sp_msgs/share/sp_msgs/local_setup.sh
-- Installing: /home/rmsentry/DUST_Infantry_Vision/src/sp_msgs/install/sp_msgs/share/sp_msgs/local_setup.zsh
-- Installing: /home/rmsentry/DUST_Infantry_Vision/src/sp_msgs/install/sp_msgs/share/sp_msgs/local_setup.dsv
-- Installing: /home/rmsentry/DUST_Infantry_Vision/src/sp_msgs/install/sp_msgs/share/sp_msgs/package.dsv
-- Installing: /home/rmsentry/DUST_Infantry_Vision/src/sp_msgs/install/sp_msgs/share/ament_index/resource_index/packages/sp_msgs
-- Installing: /home/rmsentry/DUST_Infantry_Vision/src/sp_msgs/install/sp_msgs/share/sp_msgs/cmake/export_sp_msgs__rosidl_generator_cExport.cmake
-- Installing: /home/rmsentry/DUST_Infantry_Vision/src/sp_msgs/install/sp_msgs/share/sp_msgs/cmake/export_sp_msgs__rosidl_generator_cExport-noconfig.cmake
-- Installing: /home/rmsentry/DUST_Infantry_Vision/src/sp_msgs/install/sp_msgs/share/sp_msgs/cmake/export_sp_msgs__rosidl_typesupport_fastrtps_cExport.cmake
-- Installing: /home/rmsentry/DUST_Infantry_Vision/src/sp_msgs/install/sp_msgs/share/sp_msgs/cmake/export_sp_msgs__rosidl_typesupport_fastrtps_cExport-noconfig.cmake
-- Installing: /home/rmsentry/DUST_Infantry_Vision/src/sp_msgs/install/sp_msgs/share/sp_msgs/cmake/sp_msgs__rosidl_typesupport_introspection_cExport.cmake
-- Installing: /home/rmsentry/DUST_Infantry_Vision/src/sp_msgs/install/sp_msgs/share/sp_msgs/cmake/sp_msgs__rosidl_typesupport_introspection_cExport-noconfig.cmake
-- Installing: /home/rmsentry/DUST_Infantry_Vision/src/sp_msgs/install/sp_msgs/share/sp_msgs/cmake/sp_msgs__rosidl_typesupport_cExport.cmake
-- Installing: /home/rmsentry/DUST_Infantry_Vision/src/sp_msgs/install/sp_msgs/share/sp_msgs/cmake/sp_msgs__rosidl_typesupport_cExport-noconfig.cmake
-- Installing: /home/rmsentry/DUST_Infantry_Vision/src/sp_msgs/install/sp_msgs/share/sp_msgs/cmake/export_sp_msgs__rosidl_generator_cppExport.cmake
-- Installing: /home/rmsentry/DUST_Infantry_Vision/src/sp_msgs/install/sp_msgs/share/sp_msgs/cmake/export_sp_msgs__rosidl_typesupport_fastrtps_cppExport.cmake
-- Installing: /home/rmsentry/DUST_Infantry_Vision/src/sp_msgs/install/sp_msgs/share/sp_msgs/cmake/export_sp_msgs__rosidl_typesupport_fastrtps_cppExport-noconfig.cmake
-- Installing: /home/rmsentry/DUST_Infantry_Vision/src/sp_msgs/install/sp_msgs/share/sp_msgs/cmake/sp_msgs__rosidl_typesupport_introspection_cppExport.cmake
-- Installing: /home/rmsentry/DUST_Infantry_Vision/src/sp_msgs/install/sp_msgs/share/sp_msgs/cmake/sp_msgs__rosidl_typesupport_introspection_cppExport-noconfig.cmake
-- Installing: /home/rmsentry/DUST_Infantry_Vision/src/sp_msgs/install/sp_msgs/share/sp_msgs/cmake/sp_msgs__rosidl_typesupport_cppExport.cmake
-- Installing: /home/rmsentry/DUST_Infantry_Vision/src/sp_msgs/install/sp_msgs/share/sp_msgs/cmake/sp_msgs__rosidl_typesupport_cppExport-noconfig.cmake
-- Installing: /home/rmsentry/DUST_Infantry_Vision/src/sp_msgs/install/sp_msgs/share/sp_msgs/cmake/export_sp_msgs__rosidl_generator_pyExport.cmake
-- Installing: /home/rmsentry/DUST_Infantry_Vision/src/sp_msgs/install/sp_msgs/share/sp_msgs/cmake/export_sp_msgs__rosidl_generator_pyExport-noconfig.cmake
-- Installing: /home/rmsentry/DUST_Infantry_Vision/src/sp_msgs/install/sp_msgs/share/sp_msgs/cmake/rosidl_cmake-extras.cmake
-- Installing: /home/rmsentry/DUST_Infantry_Vision/src/sp_msgs/install/sp_msgs/share/sp_msgs/cmake/ament_cmake_export_dependencies-extras.cmake
-- Installing: /home/rmsentry/DUST_Infantry_Vision/src/sp_msgs/install/sp_msgs/share/sp_msgs/cmake/ament_cmake_export_include_directories-extras.cmake
-- Installing: /home/rmsentry/DUST_Infantry_Vision/src/sp_msgs/install/sp_msgs/share/sp_msgs/cmake/ament_cmake_export_libraries-extras.cmake
-- Installing: /home/rmsentry/DUST_Infantry_Vision/src/sp_msgs/install/sp_msgs/share/sp_msgs/cmake/ament_cmake_export_targets-extras.cmake
-- Installing: /home/rmsentry/DUST_Infantry_Vision/src/sp_msgs/install/sp_msgs/share/sp_msgs/cmake/rosidl_cmake_export_typesupport_targets-extras.cmake
-- Installing: /home/rmsentry/DUST_Infantry_Vision/src/sp_msgs/install/sp_msgs/share/sp_msgs/cmake/rosidl_cmake_export_typesupport_libraries-extras.cmake
-- Installing: /home/rmsentry/DUST_Infantry_Vision/src/sp_msgs/install/sp_msgs/share/sp_msgs/cmake/sp_msgsConfig.cmake
-- Installing: /home/rmsentry/DUST_Infantry_Vision/src/sp_msgs/install/sp_msgs/share/sp_msgs/cmake/sp_msgsConfig-version.cmake
-- Installing: /home/rmsentry/DUST_Infantry_Vision/src/sp_msgs/install/sp_msgs/share/sp_msgs/package.xml
