[0.005s] Invoking command in '/home/rmsentry/DUST_Infantry_Vision/src/rm_decision_interfaces/build/rm_decision_interfaces': CMAKE_PREFIX_PATH=/opt/ros/humble /usr/local/bin/cmake /home/rmsentry/DUST_Infantry_Vision/src/rm_decision_interfaces -DCMAKE_INSTALL_PREFIX=/home/rmsentry/DUST_Infantry_Vision/src/rm_decision_interfaces/install/rm_decision_interfaces
[0.033s] -- The C compiler identification is GNU 11.4.0
[0.064s] -- The CXX compiler identification is GNU 11.4.0
[0.070s] -- Detecting C compiler ABI info
[0.104s] -- Detecting C compiler ABI info - done
[0.113s] -- Check for working C compiler: /usr/bin/cc - skipped
[0.114s] -- Detecting C compile features
[0.114s] -- Detecting C compile features - done
[0.116s] -- Detecting CXX compiler ABI info
[0.157s] -- Detecting CXX compiler ABI info - done
[0.166s] -- Check for working CXX compiler: /usr/bin/c++ - skipped
[0.166s] -- Detecting CXX compile features
[0.167s] -- Detecting CXX compile features - done
[0.168s] -- Found ament_cmake: 1.3.12 (/opt/ros/humble/share/ament_cmake/cmake)
[0.243s] -- Found Python3: /usr/bin/python3 (found version "3.10.12") found components: Interpreter
[0.290s] -- Found rosidl_default_generators: 1.2.0 (/opt/ros/humble/share/rosidl_default_generators/cmake)
[0.292s] -- Using all available rosidl_typesupport_c: rosidl_typesupport_fastrtps_c;rosidl_typesupport_introspection_c
[0.295s] -- Found rosidl_adapter: 3.1.7 (/opt/ros/humble/share/rosidl_adapter/cmake)
[0.319s] -- Using all available rosidl_typesupport_cpp: rosidl_typesupport_fastrtps_cpp;rosidl_typesupport_introspection_cpp
[0.339s] -- Found std_msgs: 4.9.0 (/opt/ros/humble/share/std_msgs/cmake)
[0.357s] -- Found geometry_msgs: 4.9.0 (/opt/ros/humble/share/geometry_msgs/cmake)
[0.610s] -- Found ament_cmake_ros: 0.10.0 (/opt/ros/humble/share/ament_cmake_ros/cmake)
[0.882s] -- Using all available rosidl_typesupport_c: rosidl_typesupport_fastrtps_c;rosidl_typesupport_introspection_c
[1.234s] -- Using all available rosidl_typesupport_cpp: rosidl_typesupport_fastrtps_cpp;rosidl_typesupport_introspection_cpp
[1.235s] [33mCMake Warning (dev) at /opt/ros/humble/share/rosidl_generator_py/cmake/rosidl_generator_py_generate_interfaces.cmake:20 (find_package):
[1.235s]   Policy CMP0148 is not set: The FindPythonInterp and FindPythonLibs modules
[1.235s]   are removed.  Run "cmake --help-policy CMP0148" for policy details.  Use
[1.235s]   the cmake_policy command to set the policy and suppress this warning.
[1.235s] 
[1.235s] Call Stack (most recent call first):
[1.235s]   /opt/ros/humble/share/ament_cmake_core/cmake/core/ament_execute_extensions.cmake:48 (include)
[1.235s]   /opt/ros/humble/share/rosidl_cmake/cmake/rosidl_generate_interfaces.cmake:286 (ament_execute_extensions)
[1.235s]   CMakeLists.txt:14 (rosidl_generate_interfaces)
[1.235s] This warning is for project developers.  Use -Wno-dev to suppress it.
[1.235s] [0m
[1.247s] -- Found PythonInterp: /usr/bin/python3 (found suitable version "3.10.12", minimum required is "3.6")
[1.248s] -- Found python_cmake_module: 0.10.0 (/opt/ros/humble/share/python_cmake_module/cmake)
[1.248s] [33mCMake Warning (dev) at /opt/ros/humble/share/python_cmake_module/cmake/Modules/FindPythonExtra.cmake:52 (find_package):
[1.248s]   Policy CMP0148 is not set: The FindPythonInterp and FindPythonLibs modules
[1.248s]   are removed.  Run "cmake --help-policy CMP0148" for policy details.  Use
[1.248s]   the cmake_policy command to set the policy and suppress this warning.
[1.248s] 
[1.248s] Call Stack (most recent call first):
[1.248s]   /opt/ros/humble/share/rosidl_generator_py/cmake/rosidl_generator_py_generate_interfaces.cmake:23 (find_package)
[1.248s]   /opt/ros/humble/share/ament_cmake_core/cmake/core/ament_execute_extensions.cmake:48 (include)
[1.249s]   /opt/ros/humble/share/rosidl_cmake/cmake/rosidl_generate_interfaces.cmake:286 (ament_execute_extensions)
[1.249s]   CMakeLists.txt:14 (rosidl_generate_interfaces)
[1.249s] This warning is for project developers.  Use -Wno-dev to suppress it.
[1.249s] [0m
[1.260s] [33mCMake Warning (dev) at /opt/ros/humble/share/python_cmake_module/cmake/Modules/FindPythonExtra.cmake:140 (find_package):
[1.260s]   Policy CMP0148 is not set: The FindPythonInterp and FindPythonLibs modules
[1.260s]   are removed.  Run "cmake --help-policy CMP0148" for policy details.  Use
[1.260s]   the cmake_policy command to set the policy and suppress this warning.
[1.260s] 
[1.260s] Call Stack (most recent call first):
[1.260s]   /opt/ros/humble/share/rosidl_generator_py/cmake/rosidl_generator_py_generate_interfaces.cmake:23 (find_package)
[1.260s]   /opt/ros/humble/share/ament_cmake_core/cmake/core/ament_execute_extensions.cmake:48 (include)
[1.260s]   /opt/ros/humble/share/rosidl_cmake/cmake/rosidl_generate_interfaces.cmake:286 (ament_execute_extensions)
[1.260s]   CMakeLists.txt:14 (rosidl_generate_interfaces)
[1.260s] This warning is for project developers.  Use -Wno-dev to suppress it.
[1.260s] [0m
[1.264s] -- Found PythonLibs: /usr/lib/x86_64-linux-gnu/libpython3.10.so (found suitable version "3.10.12", minimum required is "3.5")
[1.264s] -- Using PYTHON_EXECUTABLE: /usr/bin/python3
[1.264s] -- Using PYTHON_INCLUDE_DIRS: /usr/include/python3.10
[1.264s] -- Using PYTHON_LIBRARIES: /usr/lib/x86_64-linux-gnu/libpython3.10.so
[1.276s] -- Found PythonExtra: .so
[1.313s] -- Configuring done (1.3s)
[1.333s] -- Generating done (0.0s)
[1.340s] -- Build files have been written to: /home/rmsentry/DUST_Infantry_Vision/src/rm_decision_interfaces/build/rm_decision_interfaces
[1.343s] Invoked command in '/home/rmsentry/DUST_Infantry_Vision/src/rm_decision_interfaces/build/rm_decision_interfaces' returned '0': CMAKE_PREFIX_PATH=/opt/ros/humble /usr/local/bin/cmake /home/rmsentry/DUST_Infantry_Vision/src/rm_decision_interfaces -DCMAKE_INSTALL_PREFIX=/home/rmsentry/DUST_Infantry_Vision/src/rm_decision_interfaces/install/rm_decision_interfaces
[1.344s] Invoking command in '/home/rmsentry/DUST_Infantry_Vision/src/rm_decision_interfaces/build/rm_decision_interfaces': CMAKE_PREFIX_PATH=/opt/ros/humble /usr/local/bin/cmake --build /home/rmsentry/DUST_Infantry_Vision/src/rm_decision_interfaces/build/rm_decision_interfaces --target install -- -j12 -l12
[1.357s] [  3%] [34m[1mGenerating C code for ROS interfaces[0m
[1.360s] [  6%] [34m[1mGenerating C++ code for ROS interfaces[0m
[1.362s] [  6%] Built target ament_cmake_python_copy_rm_decision_interfaces
[1.492s] running egg_info
[1.492s] creating rm_decision_interfaces.egg-info
[1.492s] writing rm_decision_interfaces.egg-info/PKG-INFO
[1.493s] writing dependency_links to rm_decision_interfaces.egg-info/dependency_links.txt
[1.493s] writing top-level names to rm_decision_interfaces.egg-info/top_level.txt
[1.493s] writing manifest file 'rm_decision_interfaces.egg-info/SOURCES.txt'
[1.495s] reading manifest file 'rm_decision_interfaces.egg-info/SOURCES.txt'
[1.495s] writing manifest file 'rm_decision_interfaces.egg-info/SOURCES.txt'
[1.495s] [  6%] Built target rm_decision_interfaces__cpp
[1.498s] [  9%] [32mBuilding C object CMakeFiles/rm_decision_interfaces__rosidl_generator_c.dir/rosidl_generator_c/rm_decision_interfaces/msg/detail/refree__functions.c.o[0m
[1.499s] [ 16%] [34m[1mGenerating C++ type support dispatch for ROS interfaces[0m
[1.499s] [ 16%] [34m[1mGenerating C++ type support for eProsima Fast-RTPS[0m
[1.499s] [ 19%] [34m[1mGenerating C++ introspection for ROS interfaces[0m
[1.509s] [ 19%] Built target ament_cmake_python_build_rm_decision_interfaces_egg
[1.524s] [ 22%] [32m[1mLinking C shared library librm_decision_interfaces__rosidl_generator_c.so[0m
[1.541s] [ 22%] Built target rm_decision_interfaces__rosidl_generator_c
[1.545s] [ 32%] [34m[1mGenerating C introspection for ROS interfaces[0m
[1.545s] [ 32%] [34m[1mGenerating C type support for eProsima Fast-RTPS[0m
[1.545s] [ 32%] [34m[1mGenerating C type support dispatch for ROS interfaces[0m
[1.639s] [ 35%] [32mBuilding CXX object CMakeFiles/rm_decision_interfaces__rosidl_typesupport_introspection_cpp.dir/rosidl_typesupport_introspection_cpp/rm_decision_interfaces/msg/detail/refree__type_support.cpp.o[0m
[1.647s] [ 38%] [32mBuilding CXX object CMakeFiles/rm_decision_interfaces__rosidl_typesupport_cpp.dir/rosidl_typesupport_cpp/rm_decision_interfaces/msg/refree__type_support.cpp.o[0m
[1.673s] [ 41%] [32mBuilding CXX object CMakeFiles/rm_decision_interfaces__rosidl_typesupport_fastrtps_cpp.dir/rosidl_typesupport_fastrtps_cpp/rm_decision_interfaces/msg/detail/dds_fastrtps/refree__type_support.cpp.o[0m
[1.680s] [ 45%] [32mBuilding CXX object CMakeFiles/rm_decision_interfaces__rosidl_typesupport_c.dir/rosidl_typesupport_c/rm_decision_interfaces/msg/refree__type_support.cpp.o[0m
[1.692s] [ 48%] [32mBuilding C object CMakeFiles/rm_decision_interfaces__rosidl_typesupport_introspection_c.dir/rosidl_typesupport_introspection_c/rm_decision_interfaces/msg/detail/refree__type_support.c.o[0m
[1.696s] [ 51%] [32m[1mLinking CXX shared library librm_decision_interfaces__rosidl_typesupport_c.so[0m
[1.703s] [ 54%] [32mBuilding CXX object CMakeFiles/rm_decision_interfaces__rosidl_typesupport_fastrtps_c.dir/rosidl_typesupport_fastrtps_c/rm_decision_interfaces/msg/detail/refree__type_support_c.cpp.o[0m
[1.713s] [ 58%] [32m[1mLinking C shared library librm_decision_interfaces__rosidl_typesupport_introspection_c.so[0m
[1.716s] [ 58%] Built target rm_decision_interfaces__rosidl_typesupport_c
[1.727s] [ 58%] Built target rm_decision_interfaces__rosidl_typesupport_introspection_c
[1.792s] [ 61%] [32m[1mLinking CXX shared library librm_decision_interfaces__rosidl_typesupport_cpp.so[0m
[1.810s] [ 61%] Built target rm_decision_interfaces__rosidl_typesupport_cpp
[1.850s] [ 64%] [32m[1mLinking CXX shared library librm_decision_interfaces__rosidl_typesupport_introspection_cpp.so[0m
[1.878s] [ 67%] [32m[1mLinking CXX shared library librm_decision_interfaces__rosidl_typesupport_fastrtps_c.so[0m
[1.883s] [ 70%] [32m[1mLinking CXX shared library librm_decision_interfaces__rosidl_typesupport_fastrtps_cpp.so[0m
[1.886s] [ 70%] Built target rm_decision_interfaces__rosidl_typesupport_introspection_cpp
[1.917s] [ 70%] Built target rm_decision_interfaces__rosidl_typesupport_fastrtps_c
[1.922s] [ 70%] Built target rm_decision_interfaces__rosidl_typesupport_fastrtps_cpp
[1.928s] [ 70%] Built target rm_decision_interfaces
[1.935s] [ 74%] [34m[1mGenerating Python code for ROS interfaces[0m
[2.095s] [ 74%] Built target rm_decision_interfaces__py
[2.101s] [ 77%] [32mBuilding C object CMakeFiles/rm_decision_interfaces__rosidl_generator_py.dir/rosidl_generator_py/rm_decision_interfaces/msg/_refree_s.c.o[0m
[2.157s] [ 80%] [32m[1mLinking C shared library rosidl_generator_py/rm_decision_interfaces/librm_decision_interfaces__rosidl_generator_py.so[0m
[2.176s] [ 80%] Built target rm_decision_interfaces__rosidl_generator_py
[2.183s] [ 83%] [32mBuilding C object CMakeFiles/rm_decision_interfaces__rosidl_typesupport_introspection_c__pyext.dir/rosidl_generator_py/rm_decision_interfaces/_rm_decision_interfaces_s.ep.rosidl_typesupport_introspection_c.c.o[0m
[2.183s] [ 87%] [32mBuilding C object CMakeFiles/rm_decision_interfaces__rosidl_typesupport_fastrtps_c__pyext.dir/rosidl_generator_py/rm_decision_interfaces/_rm_decision_interfaces_s.ep.rosidl_typesupport_fastrtps_c.c.o[0m
[2.183s] [ 90%] [32mBuilding C object CMakeFiles/rm_decision_interfaces__rosidl_typesupport_c__pyext.dir/rosidl_generator_py/rm_decision_interfaces/_rm_decision_interfaces_s.ep.rosidl_typesupport_c.c.o[0m
[2.233s] [100%] [32m[1mLinking C shared library rosidl_generator_py/rm_decision_interfaces/rm_decision_interfaces_s__rosidl_typesupport_introspection_c.cpython-310-x86_64-linux-gnu.so[0m
[2.233s] [100%] [32m[1mLinking C shared library rosidl_generator_py/rm_decision_interfaces/rm_decision_interfaces_s__rosidl_typesupport_fastrtps_c.cpython-310-x86_64-linux-gnu.so[0m
[2.233s] [100%] [32m[1mLinking C shared library rosidl_generator_py/rm_decision_interfaces/rm_decision_interfaces_s__rosidl_typesupport_c.cpython-310-x86_64-linux-gnu.so[0m
[2.251s] [100%] Built target rm_decision_interfaces__rosidl_typesupport_fastrtps_c__pyext
[2.251s] [100%] Built target rm_decision_interfaces__rosidl_typesupport_introspection_c__pyext
[2.251s] [100%] Built target rm_decision_interfaces__rosidl_typesupport_c__pyext
[2.256s] [36mInstall the project...[0m
[2.259s] -- Install configuration: ""
[2.259s] -- Installing: /home/rmsentry/DUST_Infantry_Vision/src/rm_decision_interfaces/install/rm_decision_interfaces/share/ament_index/resource_index/rosidl_interfaces/rm_decision_interfaces
[2.259s] -- Installing: /home/rmsentry/DUST_Infantry_Vision/src/rm_decision_interfaces/install/rm_decision_interfaces/include/rm_decision_interfaces/rm_decision_interfaces
[2.259s] -- Installing: /home/rmsentry/DUST_Infantry_Vision/src/rm_decision_interfaces/install/rm_decision_interfaces/include/rm_decision_interfaces/rm_decision_interfaces/msg
[2.259s] -- Installing: /home/rmsentry/DUST_Infantry_Vision/src/rm_decision_interfaces/install/rm_decision_interfaces/include/rm_decision_interfaces/rm_decision_interfaces/msg/rosidl_generator_c__visibility_control.h
[2.259s] -- Installing: /home/rmsentry/DUST_Infantry_Vision/src/rm_decision_interfaces/install/rm_decision_interfaces/include/rm_decision_interfaces/rm_decision_interfaces/msg/detail
[2.259s] -- Installing: /home/rmsentry/DUST_Infantry_Vision/src/rm_decision_interfaces/install/rm_decision_interfaces/include/rm_decision_interfaces/rm_decision_interfaces/msg/detail/refree__functions.c
[2.259s] -- Installing: /home/rmsentry/DUST_Infantry_Vision/src/rm_decision_interfaces/install/rm_decision_interfaces/include/rm_decision_interfaces/rm_decision_interfaces/msg/detail/refree__type_support.h
[2.259s] -- Installing: /home/rmsentry/DUST_Infantry_Vision/src/rm_decision_interfaces/install/rm_decision_interfaces/include/rm_decision_interfaces/rm_decision_interfaces/msg/detail/refree__functions.h
[2.259s] -- Installing: /home/rmsentry/DUST_Infantry_Vision/src/rm_decision_interfaces/install/rm_decision_interfaces/include/rm_decision_interfaces/rm_decision_interfaces/msg/detail/refree__struct.h
[2.259s] -- Installing: /home/rmsentry/DUST_Infantry_Vision/src/rm_decision_interfaces/install/rm_decision_interfaces/include/rm_decision_interfaces/rm_decision_interfaces/msg/refree.h
[2.259s] -- Installing: /home/rmsentry/DUST_Infantry_Vision/src/rm_decision_interfaces/install/rm_decision_interfaces/share/rm_decision_interfaces/environment/library_path.sh
[2.259s] -- Installing: /home/rmsentry/DUST_Infantry_Vision/src/rm_decision_interfaces/install/rm_decision_interfaces/share/rm_decision_interfaces/environment/library_path.dsv
[2.259s] -- Installing: /home/rmsentry/DUST_Infantry_Vision/src/rm_decision_interfaces/install/rm_decision_interfaces/lib/librm_decision_interfaces__rosidl_generator_c.so
[2.260s] -- Set non-toolchain portion of runtime path of "/home/rmsentry/DUST_Infantry_Vision/src/rm_decision_interfaces/install/rm_decision_interfaces/lib/librm_decision_interfaces__rosidl_generator_c.so" to ""
[2.260s] -- Up-to-date: /home/rmsentry/DUST_Infantry_Vision/src/rm_decision_interfaces/install/rm_decision_interfaces/include/rm_decision_interfaces/rm_decision_interfaces
[2.260s] -- Up-to-date: /home/rmsentry/DUST_Infantry_Vision/src/rm_decision_interfaces/install/rm_decision_interfaces/include/rm_decision_interfaces/rm_decision_interfaces/msg
[2.260s] -- Installing: /home/rmsentry/DUST_Infantry_Vision/src/rm_decision_interfaces/install/rm_decision_interfaces/include/rm_decision_interfaces/rm_decision_interfaces/msg/rosidl_typesupport_fastrtps_c__visibility_control.h
[2.260s] -- Up-to-date: /home/rmsentry/DUST_Infantry_Vision/src/rm_decision_interfaces/install/rm_decision_interfaces/include/rm_decision_interfaces/rm_decision_interfaces/msg/detail
[2.260s] -- Installing: /home/rmsentry/DUST_Infantry_Vision/src/rm_decision_interfaces/install/rm_decision_interfaces/include/rm_decision_interfaces/rm_decision_interfaces/msg/detail/refree__rosidl_typesupport_fastrtps_c.h
[2.260s] -- Installing: /home/rmsentry/DUST_Infantry_Vision/src/rm_decision_interfaces/install/rm_decision_interfaces/lib/librm_decision_interfaces__rosidl_typesupport_fastrtps_c.so
[2.260s] -- Set non-toolchain portion of runtime path of "/home/rmsentry/DUST_Infantry_Vision/src/rm_decision_interfaces/install/rm_decision_interfaces/lib/librm_decision_interfaces__rosidl_typesupport_fastrtps_c.so" to ""
[2.260s] -- Up-to-date: /home/rmsentry/DUST_Infantry_Vision/src/rm_decision_interfaces/install/rm_decision_interfaces/include/rm_decision_interfaces/rm_decision_interfaces
[2.260s] -- Up-to-date: /home/rmsentry/DUST_Infantry_Vision/src/rm_decision_interfaces/install/rm_decision_interfaces/include/rm_decision_interfaces/rm_decision_interfaces/msg
[2.260s] -- Installing: /home/rmsentry/DUST_Infantry_Vision/src/rm_decision_interfaces/install/rm_decision_interfaces/include/rm_decision_interfaces/rm_decision_interfaces/msg/rosidl_typesupport_introspection_c__visibility_control.h
[2.260s] -- Up-to-date: /home/rmsentry/DUST_Infantry_Vision/src/rm_decision_interfaces/install/rm_decision_interfaces/include/rm_decision_interfaces/rm_decision_interfaces/msg/detail
[2.260s] -- Installing: /home/rmsentry/DUST_Infantry_Vision/src/rm_decision_interfaces/install/rm_decision_interfaces/include/rm_decision_interfaces/rm_decision_interfaces/msg/detail/refree__rosidl_typesupport_introspection_c.h
[2.260s] -- Installing: /home/rmsentry/DUST_Infantry_Vision/src/rm_decision_interfaces/install/rm_decision_interfaces/include/rm_decision_interfaces/rm_decision_interfaces/msg/detail/refree__type_support.c
[2.260s] -- Installing: /home/rmsentry/DUST_Infantry_Vision/src/rm_decision_interfaces/install/rm_decision_interfaces/lib/librm_decision_interfaces__rosidl_typesupport_introspection_c.so
[2.260s] -- Set non-toolchain portion of runtime path of "/home/rmsentry/DUST_Infantry_Vision/src/rm_decision_interfaces/install/rm_decision_interfaces/lib/librm_decision_interfaces__rosidl_typesupport_introspection_c.so" to ""
[2.260s] -- Installing: /home/rmsentry/DUST_Infantry_Vision/src/rm_decision_interfaces/install/rm_decision_interfaces/lib/librm_decision_interfaces__rosidl_typesupport_c.so
[2.260s] -- Set non-toolchain portion of runtime path of "/home/rmsentry/DUST_Infantry_Vision/src/rm_decision_interfaces/install/rm_decision_interfaces/lib/librm_decision_interfaces__rosidl_typesupport_c.so" to ""
[2.260s] -- Up-to-date: /home/rmsentry/DUST_Infantry_Vision/src/rm_decision_interfaces/install/rm_decision_interfaces/include/rm_decision_interfaces/rm_decision_interfaces
[2.260s] -- Up-to-date: /home/rmsentry/DUST_Infantry_Vision/src/rm_decision_interfaces/install/rm_decision_interfaces/include/rm_decision_interfaces/rm_decision_interfaces/msg
[2.260s] -- Installing: /home/rmsentry/DUST_Infantry_Vision/src/rm_decision_interfaces/install/rm_decision_interfaces/include/rm_decision_interfaces/rm_decision_interfaces/msg/refree.hpp
[2.260s] -- Up-to-date: /home/rmsentry/DUST_Infantry_Vision/src/rm_decision_interfaces/install/rm_decision_interfaces/include/rm_decision_interfaces/rm_decision_interfaces/msg/detail
[2.260s] -- Installing: /home/rmsentry/DUST_Infantry_Vision/src/rm_decision_interfaces/install/rm_decision_interfaces/include/rm_decision_interfaces/rm_decision_interfaces/msg/detail/refree__type_support.hpp
[2.260s] -- Installing: /home/rmsentry/DUST_Infantry_Vision/src/rm_decision_interfaces/install/rm_decision_interfaces/include/rm_decision_interfaces/rm_decision_interfaces/msg/detail/refree__traits.hpp
[2.261s] -- Installing: /home/rmsentry/DUST_Infantry_Vision/src/rm_decision_interfaces/install/rm_decision_interfaces/include/rm_decision_interfaces/rm_decision_interfaces/msg/detail/refree__builder.hpp
[2.261s] -- Installing: /home/rmsentry/DUST_Infantry_Vision/src/rm_decision_interfaces/install/rm_decision_interfaces/include/rm_decision_interfaces/rm_decision_interfaces/msg/detail/refree__struct.hpp
[2.261s] -- Installing: /home/rmsentry/DUST_Infantry_Vision/src/rm_decision_interfaces/install/rm_decision_interfaces/include/rm_decision_interfaces/rm_decision_interfaces/msg/rosidl_generator_cpp__visibility_control.hpp
[2.261s] -- Up-to-date: /home/rmsentry/DUST_Infantry_Vision/src/rm_decision_interfaces/install/rm_decision_interfaces/include/rm_decision_interfaces/rm_decision_interfaces
[2.261s] -- Up-to-date: /home/rmsentry/DUST_Infantry_Vision/src/rm_decision_interfaces/install/rm_decision_interfaces/include/rm_decision_interfaces/rm_decision_interfaces/msg
[2.261s] -- Installing: /home/rmsentry/DUST_Infantry_Vision/src/rm_decision_interfaces/install/rm_decision_interfaces/include/rm_decision_interfaces/rm_decision_interfaces/msg/rosidl_typesupport_fastrtps_cpp__visibility_control.h
[2.261s] -- Up-to-date: /home/rmsentry/DUST_Infantry_Vision/src/rm_decision_interfaces/install/rm_decision_interfaces/include/rm_decision_interfaces/rm_decision_interfaces/msg/detail
[2.261s] -- Installing: /home/rmsentry/DUST_Infantry_Vision/src/rm_decision_interfaces/install/rm_decision_interfaces/include/rm_decision_interfaces/rm_decision_interfaces/msg/detail/dds_fastrtps
[2.261s] -- Installing: /home/rmsentry/DUST_Infantry_Vision/src/rm_decision_interfaces/install/rm_decision_interfaces/include/rm_decision_interfaces/rm_decision_interfaces/msg/detail/refree__rosidl_typesupport_fastrtps_cpp.hpp
[2.261s] -- Installing: /home/rmsentry/DUST_Infantry_Vision/src/rm_decision_interfaces/install/rm_decision_interfaces/lib/librm_decision_interfaces__rosidl_typesupport_fastrtps_cpp.so
[2.261s] -- Set non-toolchain portion of runtime path of "/home/rmsentry/DUST_Infantry_Vision/src/rm_decision_interfaces/install/rm_decision_interfaces/lib/librm_decision_interfaces__rosidl_typesupport_fastrtps_cpp.so" to ""
[2.261s] -- Up-to-date: /home/rmsentry/DUST_Infantry_Vision/src/rm_decision_interfaces/install/rm_decision_interfaces/include/rm_decision_interfaces/rm_decision_interfaces
[2.261s] -- Up-to-date: /home/rmsentry/DUST_Infantry_Vision/src/rm_decision_interfaces/install/rm_decision_interfaces/include/rm_decision_interfaces/rm_decision_interfaces/msg
[2.261s] -- Up-to-date: /home/rmsentry/DUST_Infantry_Vision/src/rm_decision_interfaces/install/rm_decision_interfaces/include/rm_decision_interfaces/rm_decision_interfaces/msg/detail
[2.261s] -- Installing: /home/rmsentry/DUST_Infantry_Vision/src/rm_decision_interfaces/install/rm_decision_interfaces/include/rm_decision_interfaces/rm_decision_interfaces/msg/detail/refree__type_support.cpp
[2.261s] -- Installing: /home/rmsentry/DUST_Infantry_Vision/src/rm_decision_interfaces/install/rm_decision_interfaces/include/rm_decision_interfaces/rm_decision_interfaces/msg/detail/refree__rosidl_typesupport_introspection_cpp.hpp
[2.261s] -- Installing: /home/rmsentry/DUST_Infantry_Vision/src/rm_decision_interfaces/install/rm_decision_interfaces/lib/librm_decision_interfaces__rosidl_typesupport_introspection_cpp.so
[2.261s] -- Set non-toolchain portion of runtime path of "/home/rmsentry/DUST_Infantry_Vision/src/rm_decision_interfaces/install/rm_decision_interfaces/lib/librm_decision_interfaces__rosidl_typesupport_introspection_cpp.so" to ""
[2.261s] -- Installing: /home/rmsentry/DUST_Infantry_Vision/src/rm_decision_interfaces/install/rm_decision_interfaces/lib/librm_decision_interfaces__rosidl_typesupport_cpp.so
[2.261s] -- Set non-toolchain portion of runtime path of "/home/rmsentry/DUST_Infantry_Vision/src/rm_decision_interfaces/install/rm_decision_interfaces/lib/librm_decision_interfaces__rosidl_typesupport_cpp.so" to ""
[2.261s] -- Installing: /home/rmsentry/DUST_Infantry_Vision/src/rm_decision_interfaces/install/rm_decision_interfaces/share/rm_decision_interfaces/environment/pythonpath.sh
[2.261s] -- Installing: /home/rmsentry/DUST_Infantry_Vision/src/rm_decision_interfaces/install/rm_decision_interfaces/share/rm_decision_interfaces/environment/pythonpath.dsv
[2.262s] -- Installing: /home/rmsentry/DUST_Infantry_Vision/src/rm_decision_interfaces/install/rm_decision_interfaces/local/lib/python3.10/dist-packages/rm_decision_interfaces-0.0.0-py3.10.egg-info
[2.262s] -- Installing: /home/rmsentry/DUST_Infantry_Vision/src/rm_decision_interfaces/install/rm_decision_interfaces/local/lib/python3.10/dist-packages/rm_decision_interfaces-0.0.0-py3.10.egg-info/dependency_links.txt
[2.262s] -- Installing: /home/rmsentry/DUST_Infantry_Vision/src/rm_decision_interfaces/install/rm_decision_interfaces/local/lib/python3.10/dist-packages/rm_decision_interfaces-0.0.0-py3.10.egg-info/SOURCES.txt
[2.262s] -- Installing: /home/rmsentry/DUST_Infantry_Vision/src/rm_decision_interfaces/install/rm_decision_interfaces/local/lib/python3.10/dist-packages/rm_decision_interfaces-0.0.0-py3.10.egg-info/PKG-INFO
[2.262s] -- Installing: /home/rmsentry/DUST_Infantry_Vision/src/rm_decision_interfaces/install/rm_decision_interfaces/local/lib/python3.10/dist-packages/rm_decision_interfaces-0.0.0-py3.10.egg-info/top_level.txt
[2.262s] -- Installing: /home/rmsentry/DUST_Infantry_Vision/src/rm_decision_interfaces/install/rm_decision_interfaces/local/lib/python3.10/dist-packages/rm_decision_interfaces
[2.262s] -- Installing: /home/rmsentry/DUST_Infantry_Vision/src/rm_decision_interfaces/install/rm_decision_interfaces/local/lib/python3.10/dist-packages/rm_decision_interfaces/msg
[2.262s] -- Installing: /home/rmsentry/DUST_Infantry_Vision/src/rm_decision_interfaces/install/rm_decision_interfaces/local/lib/python3.10/dist-packages/rm_decision_interfaces/msg/_refree_s.c
[2.262s] -- Installing: /home/rmsentry/DUST_Infantry_Vision/src/rm_decision_interfaces/install/rm_decision_interfaces/local/lib/python3.10/dist-packages/rm_decision_interfaces/msg/__init__.py
[2.262s] -- Installing: /home/rmsentry/DUST_Infantry_Vision/src/rm_decision_interfaces/install/rm_decision_interfaces/local/lib/python3.10/dist-packages/rm_decision_interfaces/msg/_refree.py
[2.262s] -- Installing: /home/rmsentry/DUST_Infantry_Vision/src/rm_decision_interfaces/install/rm_decision_interfaces/local/lib/python3.10/dist-packages/rm_decision_interfaces/rm_decision_interfaces_s__rosidl_typesupport_fastrtps_c.cpython-310-x86_64-linux-gnu.so
[2.262s] -- Installing: /home/rmsentry/DUST_Infantry_Vision/src/rm_decision_interfaces/install/rm_decision_interfaces/local/lib/python3.10/dist-packages/rm_decision_interfaces/_rm_decision_interfaces_s.ep.rosidl_typesupport_c.c
[2.262s] -- Installing: /home/rmsentry/DUST_Infantry_Vision/src/rm_decision_interfaces/install/rm_decision_interfaces/local/lib/python3.10/dist-packages/rm_decision_interfaces/librm_decision_interfaces__rosidl_generator_py.so
[2.262s] -- Installing: /home/rmsentry/DUST_Infantry_Vision/src/rm_decision_interfaces/install/rm_decision_interfaces/local/lib/python3.10/dist-packages/rm_decision_interfaces/_rm_decision_interfaces_s.ep.rosidl_typesupport_introspection_c.c
[2.262s] -- Installing: /home/rmsentry/DUST_Infantry_Vision/src/rm_decision_interfaces/install/rm_decision_interfaces/local/lib/python3.10/dist-packages/rm_decision_interfaces/_rm_decision_interfaces_s.ep.rosidl_typesupport_fastrtps_c.c
[2.262s] -- Installing: /home/rmsentry/DUST_Infantry_Vision/src/rm_decision_interfaces/install/rm_decision_interfaces/local/lib/python3.10/dist-packages/rm_decision_interfaces/__init__.py
[2.262s] -- Installing: /home/rmsentry/DUST_Infantry_Vision/src/rm_decision_interfaces/install/rm_decision_interfaces/local/lib/python3.10/dist-packages/rm_decision_interfaces/rm_decision_interfaces_s__rosidl_typesupport_c.cpython-310-x86_64-linux-gnu.so
[2.262s] -- Installing: /home/rmsentry/DUST_Infantry_Vision/src/rm_decision_interfaces/install/rm_decision_interfaces/local/lib/python3.10/dist-packages/rm_decision_interfaces/rm_decision_interfaces_s__rosidl_typesupport_introspection_c.cpython-310-x86_64-linux-gnu.so
[2.282s] Listing '/home/rmsentry/DUST_Infantry_Vision/src/rm_decision_interfaces/install/rm_decision_interfaces/local/lib/python3.10/dist-packages/rm_decision_interfaces'...
[2.282s] Compiling '/home/rmsentry/DUST_Infantry_Vision/src/rm_decision_interfaces/install/rm_decision_interfaces/local/lib/python3.10/dist-packages/rm_decision_interfaces/__init__.py'...
[2.283s] Listing '/home/rmsentry/DUST_Infantry_Vision/src/rm_decision_interfaces/install/rm_decision_interfaces/local/lib/python3.10/dist-packages/rm_decision_interfaces/msg'...
[2.283s] Compiling '/home/rmsentry/DUST_Infantry_Vision/src/rm_decision_interfaces/install/rm_decision_interfaces/local/lib/python3.10/dist-packages/rm_decision_interfaces/msg/__init__.py'...
[2.283s] Compiling '/home/rmsentry/DUST_Infantry_Vision/src/rm_decision_interfaces/install/rm_decision_interfaces/local/lib/python3.10/dist-packages/rm_decision_interfaces/msg/_refree.py'...
[2.285s] -- Installing: /home/rmsentry/DUST_Infantry_Vision/src/rm_decision_interfaces/install/rm_decision_interfaces/local/lib/python3.10/dist-packages/rm_decision_interfaces/rm_decision_interfaces_s__rosidl_typesupport_fastrtps_c.cpython-310-x86_64-linux-gnu.so
[2.285s] -- Set non-toolchain portion of runtime path of "/home/rmsentry/DUST_Infantry_Vision/src/rm_decision_interfaces/install/rm_decision_interfaces/local/lib/python3.10/dist-packages/rm_decision_interfaces/rm_decision_interfaces_s__rosidl_typesupport_fastrtps_c.cpython-310-x86_64-linux-gnu.so" to ""
[2.285s] -- Installing: /home/rmsentry/DUST_Infantry_Vision/src/rm_decision_interfaces/install/rm_decision_interfaces/local/lib/python3.10/dist-packages/rm_decision_interfaces/rm_decision_interfaces_s__rosidl_typesupport_introspection_c.cpython-310-x86_64-linux-gnu.so
[2.285s] -- Set non-toolchain portion of runtime path of "/home/rmsentry/DUST_Infantry_Vision/src/rm_decision_interfaces/install/rm_decision_interfaces/local/lib/python3.10/dist-packages/rm_decision_interfaces/rm_decision_interfaces_s__rosidl_typesupport_introspection_c.cpython-310-x86_64-linux-gnu.so" to ""
[2.285s] -- Installing: /home/rmsentry/DUST_Infantry_Vision/src/rm_decision_interfaces/install/rm_decision_interfaces/local/lib/python3.10/dist-packages/rm_decision_interfaces/rm_decision_interfaces_s__rosidl_typesupport_c.cpython-310-x86_64-linux-gnu.so
[2.286s] -- Set non-toolchain portion of runtime path of "/home/rmsentry/DUST_Infantry_Vision/src/rm_decision_interfaces/install/rm_decision_interfaces/local/lib/python3.10/dist-packages/rm_decision_interfaces/rm_decision_interfaces_s__rosidl_typesupport_c.cpython-310-x86_64-linux-gnu.so" to ""
[2.286s] -- Installing: /home/rmsentry/DUST_Infantry_Vision/src/rm_decision_interfaces/install/rm_decision_interfaces/lib/librm_decision_interfaces__rosidl_generator_py.so
[2.286s] -- Set non-toolchain portion of runtime path of "/home/rmsentry/DUST_Infantry_Vision/src/rm_decision_interfaces/install/rm_decision_interfaces/lib/librm_decision_interfaces__rosidl_generator_py.so" to ""
[2.286s] -- Installing: /home/rmsentry/DUST_Infantry_Vision/src/rm_decision_interfaces/install/rm_decision_interfaces/share/rm_decision_interfaces/msg/Refree.idl
[2.286s] -- Installing: /home/rmsentry/DUST_Infantry_Vision/src/rm_decision_interfaces/install/rm_decision_interfaces/share/rm_decision_interfaces/msg/Refree.msg
[2.286s] -- Installing: /home/rmsentry/DUST_Infantry_Vision/src/rm_decision_interfaces/install/rm_decision_interfaces/share/ament_index/resource_index/package_run_dependencies/rm_decision_interfaces
[2.286s] -- Installing: /home/rmsentry/DUST_Infantry_Vision/src/rm_decision_interfaces/install/rm_decision_interfaces/share/ament_index/resource_index/parent_prefix_path/rm_decision_interfaces
[2.286s] -- Installing: /home/rmsentry/DUST_Infantry_Vision/src/rm_decision_interfaces/install/rm_decision_interfaces/share/rm_decision_interfaces/environment/ament_prefix_path.sh
[2.286s] -- Installing: /home/rmsentry/DUST_Infantry_Vision/src/rm_decision_interfaces/install/rm_decision_interfaces/share/rm_decision_interfaces/environment/ament_prefix_path.dsv
[2.286s] -- Installing: /home/rmsentry/DUST_Infantry_Vision/src/rm_decision_interfaces/install/rm_decision_interfaces/share/rm_decision_interfaces/environment/path.sh
[2.286s] -- Installing: /home/rmsentry/DUST_Infantry_Vision/src/rm_decision_interfaces/install/rm_decision_interfaces/share/rm_decision_interfaces/environment/path.dsv
[2.286s] -- Installing: /home/rmsentry/DUST_Infantry_Vision/src/rm_decision_interfaces/install/rm_decision_interfaces/share/rm_decision_interfaces/local_setup.bash
[2.286s] -- Installing: /home/rmsentry/DUST_Infantry_Vision/src/rm_decision_interfaces/install/rm_decision_interfaces/share/rm_decision_interfaces/local_setup.sh
[2.286s] -- Installing: /home/rmsentry/DUST_Infantry_Vision/src/rm_decision_interfaces/install/rm_decision_interfaces/share/rm_decision_interfaces/local_setup.zsh
[2.286s] -- Installing: /home/rmsentry/DUST_Infantry_Vision/src/rm_decision_interfaces/install/rm_decision_interfaces/share/rm_decision_interfaces/local_setup.dsv
[2.286s] -- Installing: /home/rmsentry/DUST_Infantry_Vision/src/rm_decision_interfaces/install/rm_decision_interfaces/share/rm_decision_interfaces/package.dsv
[2.286s] -- Installing: /home/rmsentry/DUST_Infantry_Vision/src/rm_decision_interfaces/install/rm_decision_interfaces/share/ament_index/resource_index/packages/rm_decision_interfaces
[2.286s] -- Installing: /home/rmsentry/DUST_Infantry_Vision/src/rm_decision_interfaces/install/rm_decision_interfaces/share/rm_decision_interfaces/cmake/export_rm_decision_interfaces__rosidl_generator_cExport.cmake
[2.287s] -- Installing: /home/rmsentry/DUST_Infantry_Vision/src/rm_decision_interfaces/install/rm_decision_interfaces/share/rm_decision_interfaces/cmake/export_rm_decision_interfaces__rosidl_generator_cExport-noconfig.cmake
[2.287s] -- Installing: /home/rmsentry/DUST_Infantry_Vision/src/rm_decision_interfaces/install/rm_decision_interfaces/share/rm_decision_interfaces/cmake/export_rm_decision_interfaces__rosidl_typesupport_fastrtps_cExport.cmake
[2.287s] -- Installing: /home/rmsentry/DUST_Infantry_Vision/src/rm_decision_interfaces/install/rm_decision_interfaces/share/rm_decision_interfaces/cmake/export_rm_decision_interfaces__rosidl_typesupport_fastrtps_cExport-noconfig.cmake
[2.287s] -- Installing: /home/rmsentry/DUST_Infantry_Vision/src/rm_decision_interfaces/install/rm_decision_interfaces/share/rm_decision_interfaces/cmake/rm_decision_interfaces__rosidl_typesupport_introspection_cExport.cmake
[2.287s] -- Installing: /home/rmsentry/DUST_Infantry_Vision/src/rm_decision_interfaces/install/rm_decision_interfaces/share/rm_decision_interfaces/cmake/rm_decision_interfaces__rosidl_typesupport_introspection_cExport-noconfig.cmake
[2.287s] -- Installing: /home/rmsentry/DUST_Infantry_Vision/src/rm_decision_interfaces/install/rm_decision_interfaces/share/rm_decision_interfaces/cmake/rm_decision_interfaces__rosidl_typesupport_cExport.cmake
[2.287s] -- Installing: /home/rmsentry/DUST_Infantry_Vision/src/rm_decision_interfaces/install/rm_decision_interfaces/share/rm_decision_interfaces/cmake/rm_decision_interfaces__rosidl_typesupport_cExport-noconfig.cmake
[2.287s] -- Installing: /home/rmsentry/DUST_Infantry_Vision/src/rm_decision_interfaces/install/rm_decision_interfaces/share/rm_decision_interfaces/cmake/export_rm_decision_interfaces__rosidl_generator_cppExport.cmake
[2.287s] -- Installing: /home/rmsentry/DUST_Infantry_Vision/src/rm_decision_interfaces/install/rm_decision_interfaces/share/rm_decision_interfaces/cmake/export_rm_decision_interfaces__rosidl_typesupport_fastrtps_cppExport.cmake
[2.287s] -- Installing: /home/rmsentry/DUST_Infantry_Vision/src/rm_decision_interfaces/install/rm_decision_interfaces/share/rm_decision_interfaces/cmake/export_rm_decision_interfaces__rosidl_typesupport_fastrtps_cppExport-noconfig.cmake
[2.287s] -- Installing: /home/rmsentry/DUST_Infantry_Vision/src/rm_decision_interfaces/install/rm_decision_interfaces/share/rm_decision_interfaces/cmake/rm_decision_interfaces__rosidl_typesupport_introspection_cppExport.cmake
[2.287s] -- Installing: /home/rmsentry/DUST_Infantry_Vision/src/rm_decision_interfaces/install/rm_decision_interfaces/share/rm_decision_interfaces/cmake/rm_decision_interfaces__rosidl_typesupport_introspection_cppExport-noconfig.cmake
[2.287s] -- Installing: /home/rmsentry/DUST_Infantry_Vision/src/rm_decision_interfaces/install/rm_decision_interfaces/share/rm_decision_interfaces/cmake/rm_decision_interfaces__rosidl_typesupport_cppExport.cmake
[2.287s] -- Installing: /home/rmsentry/DUST_Infantry_Vision/src/rm_decision_interfaces/install/rm_decision_interfaces/share/rm_decision_interfaces/cmake/rm_decision_interfaces__rosidl_typesupport_cppExport-noconfig.cmake
[2.287s] -- Installing: /home/rmsentry/DUST_Infantry_Vision/src/rm_decision_interfaces/install/rm_decision_interfaces/share/rm_decision_interfaces/cmake/export_rm_decision_interfaces__rosidl_generator_pyExport.cmake
[2.287s] -- Installing: /home/rmsentry/DUST_Infantry_Vision/src/rm_decision_interfaces/install/rm_decision_interfaces/share/rm_decision_interfaces/cmake/export_rm_decision_interfaces__rosidl_generator_pyExport-noconfig.cmake
[2.287s] -- Installing: /home/rmsentry/DUST_Infantry_Vision/src/rm_decision_interfaces/install/rm_decision_interfaces/share/rm_decision_interfaces/cmake/rosidl_cmake-extras.cmake
[2.287s] -- Installing: /home/rmsentry/DUST_Infantry_Vision/src/rm_decision_interfaces/install/rm_decision_interfaces/share/rm_decision_interfaces/cmake/ament_cmake_export_dependencies-extras.cmake
[2.288s] -- Installing: /home/rmsentry/DUST_Infantry_Vision/src/rm_decision_interfaces/install/rm_decision_interfaces/share/rm_decision_interfaces/cmake/ament_cmake_export_include_directories-extras.cmake
[2.288s] -- Installing: /home/rmsentry/DUST_Infantry_Vision/src/rm_decision_interfaces/install/rm_decision_interfaces/share/rm_decision_interfaces/cmake/ament_cmake_export_libraries-extras.cmake
[2.288s] -- Installing: /home/rmsentry/DUST_Infantry_Vision/src/rm_decision_interfaces/install/rm_decision_interfaces/share/rm_decision_interfaces/cmake/ament_cmake_export_targets-extras.cmake
[2.288s] -- Installing: /home/rmsentry/DUST_Infantry_Vision/src/rm_decision_interfaces/install/rm_decision_interfaces/share/rm_decision_interfaces/cmake/rosidl_cmake_export_typesupport_targets-extras.cmake
[2.288s] -- Installing: /home/rmsentry/DUST_Infantry_Vision/src/rm_decision_interfaces/install/rm_decision_interfaces/share/rm_decision_interfaces/cmake/rosidl_cmake_export_typesupport_libraries-extras.cmake
[2.288s] -- Installing: /home/rmsentry/DUST_Infantry_Vision/src/rm_decision_interfaces/install/rm_decision_interfaces/share/rm_decision_interfaces/cmake/rm_decision_interfacesConfig.cmake
[2.288s] -- Installing: /home/rmsentry/DUST_Infantry_Vision/src/rm_decision_interfaces/install/rm_decision_interfaces/share/rm_decision_interfaces/cmake/rm_decision_interfacesConfig-version.cmake
[2.288s] -- Installing: /home/rmsentry/DUST_Infantry_Vision/src/rm_decision_interfaces/install/rm_decision_interfaces/share/rm_decision_interfaces/package.xml
[2.290s] Invoked command in '/home/rmsentry/DUST_Infantry_Vision/src/rm_decision_interfaces/build/rm_decision_interfaces' returned '0': CMAKE_PREFIX_PATH=/opt/ros/humble /usr/local/bin/cmake --build /home/rmsentry/DUST_Infantry_Vision/src/rm_decision_interfaces/build/rm_decision_interfaces --target install -- -j12 -l12
